<?xml version="1.0" encoding="UTF-8"?>
<testsuite xmlns:xsi="http://www.w3.org/2001/XMLSchema-instance" xsi:noNamespaceSchemaLocation="https://maven.apache.org/surefire/maven-surefire-plugin/xsd/surefire-test-report-3.0.xsd" version="3.0" name="TestSuite" time="398.957" tests="25" errors="0" skipped="5" failures="12">
  <properties>
[...]
</properties>
  <testcase name="enterContactInformation" classname="TestCases.com_testcase_registerpage" time="3.867">
    <failure message="Communications link failure&#10;&#10;The last packet sent successfully to the server was 0 milliseconds ago. The driver has not received any packets from the server." type="com.mysql.cj.jdbc.exceptions.CommunicationsException"><![CDATA[com.mysql.cj.jdbc.exceptions.CommunicationsException: 
Communications link failure

The last packet sent successfully to the server was 0 milliseconds ago. The driver has not received any packets from the server.
	at com.mysql.cj.jdbc.exceptions.SQLError.createCommunicationsException(SQLError.java:175)
	at com.mysql.cj.jdbc.exceptions.SQLExceptionsMapping.translateException(SQLExceptionsMapping.java:64)
	at com.mysql.cj.jdbc.ConnectionImpl.createNewIO(ConnectionImpl.java:825)
	at com.mysql.cj.jdbc.ConnectionImpl.<init>(ConnectionImpl.java:446)
	at com.mysql.cj.jdbc.ConnectionImpl.getInstance(ConnectionImpl.java:239)
	at com.mysql.cj.jdbc.NonRegisteringDriver.connect(NonRegisteringDriver.java:188)
	at java.sql/java.sql.DriverManager.getConnection(DriverManager.java:682)
	at java.sql/java.sql.DriverManager.getConnection(DriverManager.java:230)
	at dataBaseConnectionDetails.DBUtils.DBConnection(DBUtils.java:19)
	at TestCases.com_testcase_registerpage.enterContactInformation(com_testcase_registerpage.java:66)
	at java.base/jdk.internal.reflect.DirectMethodHandleAccessor.invoke(DirectMethodHandleAccessor.java:103)
	at java.base/java.lang.reflect.Method.invoke(Method.java:580)
	at org.testng.internal.invokers.MethodInvocationHelper.invokeMethod(MethodInvocationHelper.java:141)
	at org.testng.internal.invokers.TestInvoker.invokeMethod(TestInvoker.java:687)
	at org.testng.internal.invokers.TestInvoker.invokeTestMethod(TestInvoker.java:230)
	at org.testng.internal.invokers.MethodRunner.runInSequence(MethodRunner.java:63)
	at org.testng.internal.invokers.TestInvoker$MethodInvocationAgent.invoke(TestInvoker.java:995)
	at org.testng.internal.invokers.TestInvoker.invokeTestMethods(TestInvoker.java:203)
	at org.testng.internal.invokers.TestMethodWorker.invokeTestMethods(TestMethodWorker.java:154)
	at org.testng.internal.invokers.TestMethodWorker.run(TestMethodWorker.java:134)
	at java.base/java.util.ArrayList.forEach(ArrayList.java:1597)
	at org.testng.TestRunner.privateRun(TestRunner.java:741)
	at org.testng.TestRunner.run(TestRunner.java:616)
	at org.testng.SuiteRunner.runTest(SuiteRunner.java:421)
	at org.testng.SuiteRunner.runSequentially(SuiteRunner.java:413)
	at org.testng.SuiteRunner.privateRun(SuiteRunner.java:373)
	at org.testng.SuiteRunner.run(SuiteRunner.java:312)
	at org.testng.SuiteRunnerWorker.runSuite(SuiteRunnerWorker.java:52)
	at org.testng.SuiteRunnerWorker.run(SuiteRunnerWorker.java:95)
	at org.testng.TestNG.runSuitesSequentially(TestNG.java:1274)
	at org.testng.TestNG.runSuitesLocally(TestNG.java:1208)
	at org.testng.TestNG.runSuites(TestNG.java:1112)
	at org.testng.TestNG.run(TestNG.java:1079)
	at org.apache.maven.surefire.testng.TestNGExecutor.run(TestNGExecutor.java:308)
	at org.apache.maven.surefire.testng.TestNGXmlTestSuite.execute(TestNGXmlTestSuite.java:71)
	at org.apache.maven.surefire.testng.TestNGProvider.invoke(TestNGProvider.java:113)
	at org.apache.maven.surefire.booter.ForkedBooter.runSuitesInProcess(ForkedBooter.java:385)
	at org.apache.maven.surefire.booter.ForkedBooter.execute(ForkedBooter.java:162)
	at org.apache.maven.surefire.booter.ForkedBooter.run(ForkedBooter.java:507)
	at org.apache.maven.surefire.booter.ForkedBooter.main(ForkedBooter.java:495)
Caused by: com.mysql.cj.exceptions.CJCommunicationsException: Communications link failure

The last packet sent successfully to the server was 0 milliseconds ago. The driver has not received any packets from the server.
	at java.base/jdk.internal.reflect.DirectConstructorHandleAccessor.newInstance(DirectConstructorHandleAccessor.java:62)
	at java.base/java.lang.reflect.Constructor.newInstanceWithCaller(Constructor.java:501)
	at java.base/java.lang.reflect.Constructor.newInstance(Constructor.java:485)
	at com.mysql.cj.exceptions.ExceptionFactory.createException(ExceptionFactory.java:62)
	at com.mysql.cj.exceptions.ExceptionFactory.createException(ExceptionFactory.java:105)
	at com.mysql.cj.exceptions.ExceptionFactory.createException(ExceptionFactory.java:150)
	at com.mysql.cj.exceptions.ExceptionFactory.createCommunicationsException(ExceptionFactory.java:166)
	at com.mysql.cj.protocol.a.NativeSocketConnection.connect(NativeSocketConnection.java:89)
	at com.mysql.cj.NativeSession.connect(NativeSession.java:121)
	at com.mysql.cj.jdbc.ConnectionImpl.connectOneTryOnly(ConnectionImpl.java:945)
	at com.mysql.cj.jdbc.ConnectionImpl.createNewIO(ConnectionImpl.java:815)
	... 37 more
Caused by: java.net.UnknownHostException: No such host is known (serverDetails)
	at java.base/java.net.Inet6AddressImpl.lookupAllHostAddr(Native Method)
	at java.base/java.net.Inet6AddressImpl.lookupAllHostAddr(Inet6AddressImpl.java:52)
	at java.base/java.net.InetAddress$PlatformResolver.lookupByName(InetAddress.java:1221)
	at java.base/java.net.InetAddress.getAddressesFromNameService(InetAddress.java:1817)
	at java.base/java.net.InetAddress$NameServiceAddresses.get(InetAddress.java:1149)
	at java.base/java.net.InetAddress.getAllByName0(InetAddress.java:1807)
	at java.base/java.net.InetAddress.getAllByName(InetAddress.java:1676)
	at com.mysql.cj.protocol.StandardSocketFactory.connect(StandardSocketFactory.java:130)
	at com.mysql.cj.protocol.a.NativeSocketConnection.connect(NativeSocketConnection.java:63)
	... 40 more
]]></failure>
    <system-out><![CDATA[2025-04-20 10:11:46 INFO  driverIntializer:34 - User is on the Register Page with URL Used is :=>https://demo.guru99.com/test/newtours/register.php
2025-04-20 10:11:53 INFO  driverIntializer:34 - User is on the Register Page with URL Used is :=>https://demo.guru99.com/test/newtours/register.php
2025-04-20 10:12:05 INFO  driverIntializer:34 - User is on the Register Page with URL Used is :=>https://demo.guru99.com/test/newtours/register.php
2025-04-20 10:12:09 INFO  driverIntializer:34 - User is on the Register Page with URL Used is :=>https://demo.guru99.com/test/newtours/register.php
2025-04-20 10:12:24 INFO  driverIntializer:34 - User is on the Register Page with URL Used is :=>https://demo.guru99.com/test/newtours/register.php
2025-04-20 10:12:29 INFO  driverIntializer:34 - User is on the Register Page with URL Used is :=>https://demo.guru99.com/test/newtours/register.php
2025-04-20 10:12:34 INFO  driverIntializer:34 - User is on the Register Page with URL Used is :=>https://demo.guru99.com/test/newtours/register.php
2025-04-20 10:12:34 INFO  com_testcase_registerpage:40 - User is on registration page using url:https://demo.guru99.com/test/newtours/register.php
2025-04-20 10:12:34 INFO  com_testcase_registerpage:41 - User is on the Register Page with URL Used is :=>https://demo.guru99.com/test/newtours/register.php
2025-04-20 10:12:53 INFO  driverIntializer:34 - User is on the Register Page with URL Used is :=>https://demo.guru99.com/test/newtours/register.php
2025-04-20 10:13:21 INFO  driverIntializer:34 - User is on the Register Page with URL Used is :=>https://demo.guru99.com/test/newtours/register.php
2025-04-20 10:13:27 INFO  driverIntializer:34 - User is on the Register Page with URL Used is :=>https://demo.guru99.com/test/newtours/register.php
2025-04-20 10:13:36 INFO  driverIntializer:34 - User is on the Register Page with URL Used is :=>https://demo.guru99.com/test/newtours/register.php
2025-04-20 10:13:57 INFO  driverIntializer:34 - User is on the Register Page with URL Used is :=>https://demo.guru99.com/test/newtours/register.php
]]></system-out>
    <system-err><![CDATA[SLF4J(W): No SLF4J providers were found.
SLF4J(W): Defaulting to no-operation (NOP) logger implementation
SLF4J(W): See https://www.slf4j.org/codes.html#noProviders for further details.
Apr 20, 2025 10:11:40 AM org.openqa.selenium.devtools.CdpVersionFinder findNearestMatch
WARNING: Unable to find an exact match for CDP version 135, returning the closest version; found: 132; Please update to a Selenium version that supports CDP version 135
Apr 20, 2025 10:11:47 AM org.openqa.selenium.devtools.CdpVersionFinder findNearestMatch
WARNING: Unable to find an exact match for CDP version 135, returning the closest version; found: 132; Please update to a Selenium version that supports CDP version 135
Apr 20, 2025 10:11:54 AM org.openqa.selenium.devtools.CdpVersionFinder findNearestMatch
WARNING: Unable to find an exact match for CDP version 135, returning the closest version; found: 132; Please update to a Selenium version that supports CDP version 135
Apr 20, 2025 10:12:07 AM org.openqa.selenium.devtools.CdpVersionFinder findNearestMatch
WARNING: Unable to find an exact match for CDP version 135, returning the closest version; found: 132; Please update to a Selenium version that supports CDP version 135
Apr 20, 2025 10:12:11 AM org.openqa.selenium.devtools.CdpVersionFinder findNearestMatch
WARNING: Unable to find an exact match for CDP version 135, returning the closest version; found: 132; Please update to a Selenium version that supports CDP version 135
Apr 20, 2025 10:12:27 AM org.openqa.selenium.devtools.CdpVersionFinder findNearestMatch
WARNING: Unable to find an exact match for CDP version 135, returning the closest version; found: 132; Please update to a Selenium version that supports CDP version 135
Apr 20, 2025 10:12:33 AM org.openqa.selenium.devtools.CdpVersionFinder findNearestMatch
WARNING: Unable to find an exact match for CDP version 135, returning the closest version; found: 132; Please update to a Selenium version that supports CDP version 135
Apr 20, 2025 10:12:45 AM org.openqa.selenium.devtools.CdpVersionFinder findNearestMatch
WARNING: Unable to find an exact match for CDP version 135, returning the closest version; found: 132; Please update to a Selenium version that supports CDP version 135
Apr 20, 2025 10:13:07 AM org.openqa.selenium.devtools.CdpVersionFinder findNearestMatch
WARNING: Unable to find an exact match for CDP version 135, returning the closest version; found: 132; Please update to a Selenium version that supports CDP version 135
Apr 20, 2025 10:13:25 AM org.openqa.selenium.devtools.CdpVersionFinder findNearestMatch
WARNING: Unable to find an exact match for CDP version 135, returning the closest version; found: 132; Please update to a Selenium version that supports CDP version 135
Apr 20, 2025 10:13:35 AM org.openqa.selenium.devtools.CdpVersionFinder findNearestMatch
WARNING: Unable to find an exact match for CDP version 135, returning the closest version; found: 132; Please update to a Selenium version that supports CDP version 135
Apr 20, 2025 10:13:45 AM org.openqa.selenium.devtools.CdpVersionFinder findNearestMatch
WARNING: Unable to find an exact match for CDP version 135, returning the closest version; found: 132; Please update to a Selenium version that supports CDP version 135
]]></system-err>
  </testcase>
  <testcase name="enterMailingInformation" classname="TestCases.com_testcase_registerpage" time="1.43">
    <failure message="no such element: Unable to locate element: {&quot;method&quot;:&quot;xpath&quot;,&quot;selector&quot;:&quot;//input[@name=&apos;address1&apos;]&quot;}&#10;  (Session info: chrome=135.0.7049.96)&#10;For documentation on this error, please visit: https://www.selenium.dev/documentation/webdriver/troubleshooting/errors#no-such-element-exception&#10;Build info: version: &apos;4.28.1&apos;, revision: &apos;73f5ad48a2&apos;&#10;System info: os.name: &apos;Windows 11&apos;, os.arch: &apos;amd64&apos;, os.version: &apos;10.0&apos;, java.version: &apos;23.0.1&apos;&#10;Driver info: org.openqa.selenium.chrome.ChromeDriver&#10;Command: [acf089549fe8c282d1d8632243306c43, findElement {value=//input[@name=&apos;address1&apos;], using=xpath}]&#10;Capabilities {acceptInsecureCerts: false, browserName: chrome, browserVersion: 135.0.7049.96, chrome: {chromedriverVersion: 135.0.7049.42 (0f351bbd2617..., userDataDir: C:\Users\Dell\AppData\Local...}, fedcm:accounts: true, goog:chromeOptions: {debuggerAddress: localhost:63270}, networkConnectionEnabled: false, pageLoadStrategy: normal, platformName: windows, proxy: Proxy(), se:cdp: ws://localhost:63270/devtoo..., se:cdpVersion: 135.0.7049.96, setWindowRect: true, strictFileInteractability: false, timeouts: {implicit: 0, pageLoad: 300000, script: 30000}, unhandledPromptBehavior: dismiss and notify, webauthn:extension:credBlob: true, webauthn:extension:largeBlob: true, webauthn:extension:minPinLength: true, webauthn:extension:prf: true, webauthn:virtualAuthenticators: true}&#10;Session ID: acf089549fe8c282d1d8632243306c43" type="org.openqa.selenium.NoSuchElementException"><![CDATA[org.openqa.selenium.NoSuchElementException: 
no such element: Unable to locate element: {"method":"xpath","selector":"//input[@name='address1']"}
  (Session info: chrome=135.0.7049.96)
For documentation on this error, please visit: https://www.selenium.dev/documentation/webdriver/troubleshooting/errors#no-such-element-exception
Build info: version: '4.28.1', revision: '73f5ad48a2'
System info: os.name: 'Windows 11', os.arch: 'amd64', os.version: '10.0', java.version: '23.0.1'
Driver info: org.openqa.selenium.chrome.ChromeDriver
Command: [acf089549fe8c282d1d8632243306c43, findElement {value=//input[@name='address1'], using=xpath}]
Capabilities {acceptInsecureCerts: false, browserName: chrome, browserVersion: 135.0.7049.96, chrome: {chromedriverVersion: 135.0.7049.42 (0f351bbd2617..., userDataDir: C:\Users\Dell\AppData\Local...}, fedcm:accounts: true, goog:chromeOptions: {debuggerAddress: localhost:63270}, networkConnectionEnabled: false, pageLoadStrategy: normal, platformName: windows, proxy: Proxy(), se:cdp: ws://localhost:63270/devtoo..., se:cdpVersion: 135.0.7049.96, setWindowRect: true, strictFileInteractability: false, timeouts: {implicit: 0, pageLoad: 300000, script: 30000}, unhandledPromptBehavior: dismiss and notify, webauthn:extension:credBlob: true, webauthn:extension:largeBlob: true, webauthn:extension:minPinLength: true, webauthn:extension:prf: true, webauthn:virtualAuthenticators: true}
Session ID: acf089549fe8c282d1d8632243306c43
	at java.base/jdk.internal.reflect.DirectConstructorHandleAccessor.newInstance(DirectConstructorHandleAccessor.java:62)
	at java.base/java.lang.reflect.Constructor.newInstanceWithCaller(Constructor.java:501)
	at java.base/java.lang.reflect.Constructor.newInstance(Constructor.java:485)
	at org.openqa.selenium.remote.ErrorCodec.decode(ErrorCodec.java:167)
	at org.openqa.selenium.remote.codec.w3c.W3CHttpResponseCodec.decode(W3CHttpResponseCodec.java:138)
	at org.openqa.selenium.remote.codec.w3c.W3CHttpResponseCodec.decode(W3CHttpResponseCodec.java:50)
	at org.openqa.selenium.remote.HttpCommandExecutor.execute(HttpCommandExecutor.java:215)
	at org.openqa.selenium.remote.service.DriverCommandExecutor.invokeExecute(DriverCommandExecutor.java:216)
	at org.openqa.selenium.remote.service.DriverCommandExecutor.execute(DriverCommandExecutor.java:174)
	at org.openqa.selenium.remote.RemoteWebDriver.execute(RemoteWebDriver.java:545)
	at org.openqa.selenium.remote.ElementLocation$ElementFinder$2.findElement(ElementLocation.java:165)
	at org.openqa.selenium.remote.ElementLocation.findElement(ElementLocation.java:59)
	at org.openqa.selenium.remote.RemoteWebDriver.findElement(RemoteWebDriver.java:368)
	at org.openqa.selenium.remote.RemoteWebDriver.findElement(RemoteWebDriver.java:362)
	at seleniumActions.seleniumUIActions.enterValueinUI(seleniumUIActions.java:34)
	at TestCases.com_testcase_registerpage.enterMailingInformation(com_testcase_registerpage.java:105)
	at java.base/jdk.internal.reflect.DirectMethodHandleAccessor.invoke(DirectMethodHandleAccessor.java:103)
	at java.base/java.lang.reflect.Method.invoke(Method.java:580)
	at org.testng.internal.invokers.MethodInvocationHelper.invokeMethod(MethodInvocationHelper.java:141)
	at org.testng.internal.invokers.TestInvoker.invokeMethod(TestInvoker.java:687)
	at org.testng.internal.invokers.TestInvoker.invokeTestMethod(TestInvoker.java:230)
	at org.testng.internal.invokers.MethodRunner.runInSequence(MethodRunner.java:63)
	at org.testng.internal.invokers.TestInvoker$MethodInvocationAgent.invoke(TestInvoker.java:995)
	at org.testng.internal.invokers.TestInvoker.invokeTestMethods(TestInvoker.java:203)
	at org.testng.internal.invokers.TestMethodWorker.invokeTestMethods(TestMethodWorker.java:154)
	at org.testng.internal.invokers.TestMethodWorker.run(TestMethodWorker.java:134)
	at java.base/java.util.ArrayList.forEach(ArrayList.java:1597)
	at org.testng.TestRunner.privateRun(TestRunner.java:741)
	at org.testng.TestRunner.run(TestRunner.java:616)
	at org.testng.SuiteRunner.runTest(SuiteRunner.java:421)
	at org.testng.SuiteRunner.runSequentially(SuiteRunner.java:413)
	at org.testng.SuiteRunner.privateRun(SuiteRunner.java:373)
	at org.testng.SuiteRunner.run(SuiteRunner.java:312)
	at org.testng.SuiteRunnerWorker.runSuite(SuiteRunnerWorker.java:52)
	at org.testng.SuiteRunnerWorker.run(SuiteRunnerWorker.java:95)
	at org.testng.TestNG.runSuitesSequentially(TestNG.java:1274)
	at org.testng.TestNG.runSuitesLocally(TestNG.java:1208)
	at org.testng.TestNG.runSuites(TestNG.java:1112)
	at org.testng.TestNG.run(TestNG.java:1079)
	at org.apache.maven.surefire.testng.TestNGExecutor.run(TestNGExecutor.java:308)
	at org.apache.maven.surefire.testng.TestNGXmlTestSuite.execute(TestNGXmlTestSuite.java:71)
	at org.apache.maven.surefire.testng.TestNGProvider.invoke(TestNGProvider.java:113)
	at org.apache.maven.surefire.booter.ForkedBooter.runSuitesInProcess(ForkedBooter.java:385)
	at org.apache.maven.surefire.booter.ForkedBooter.execute(ForkedBooter.java:162)
	at org.apache.maven.surefire.booter.ForkedBooter.run(ForkedBooter.java:507)
	at org.apache.maven.surefire.booter.ForkedBooter.main(ForkedBooter.java:495)
]]></failure>
    <system-out><![CDATA[4
]]></system-out>
  </testcase>
  <testcase name="enterUserInformation" classname="TestCases.com_testcase_registerpage" time="0.276">
    <failure message="element not interactable&#10;  (Session info: chrome=135.0.7049.96)&#10;Build info: version: &apos;4.28.1&apos;, revision: &apos;73f5ad48a2&apos;&#10;System info: os.name: &apos;Windows 11&apos;, os.arch: &apos;amd64&apos;, os.version: &apos;10.0&apos;, java.version: &apos;23.0.1&apos;&#10;Driver info: org.openqa.selenium.chrome.ChromeDriver&#10;Command: [acf089549fe8c282d1d8632243306c43, sendKeysToElement {value=[Ljava.lang.CharSequence;@6215366a, id=f.6052BF3F9F70F51C1F67EB3A4998B632.d.1720BAACDBE8DC43ECA98B64D8C5DB50.e.32}]&#10;Capabilities {acceptInsecureCerts: false, browserName: chrome, browserVersion: 135.0.7049.96, chrome: {chromedriverVersion: 135.0.7049.42 (0f351bbd2617..., userDataDir: C:\Users\Dell\AppData\Local...}, fedcm:accounts: true, goog:chromeOptions: {debuggerAddress: localhost:63270}, networkConnectionEnabled: false, pageLoadStrategy: normal, platformName: windows, proxy: Proxy(), se:cdp: ws://localhost:63270/devtoo..., se:cdpVersion: 135.0.7049.96, setWindowRect: true, strictFileInteractability: false, timeouts: {implicit: 0, pageLoad: 300000, script: 30000}, unhandledPromptBehavior: dismiss and notify, webauthn:extension:credBlob: true, webauthn:extension:largeBlob: true, webauthn:extension:minPinLength: true, webauthn:extension:prf: true, webauthn:virtualAuthenticators: true}&#10;Element: [[ChromeDriver: chrome on windows (acf089549fe8c282d1d8632243306c43)] -&gt; xpath: //input[@name=&apos;email&apos;]]&#10;Session ID: acf089549fe8c282d1d8632243306c43" type="org.openqa.selenium.ElementNotInteractableException"><![CDATA[org.openqa.selenium.ElementNotInteractableException: 
element not interactable
  (Session info: chrome=135.0.7049.96)
Build info: version: '4.28.1', revision: '73f5ad48a2'
System info: os.name: 'Windows 11', os.arch: 'amd64', os.version: '10.0', java.version: '23.0.1'
Driver info: org.openqa.selenium.chrome.ChromeDriver
Command: [acf089549fe8c282d1d8632243306c43, sendKeysToElement {value=[Ljava.lang.CharSequence;@6215366a, id=f.6052BF3F9F70F51C1F67EB3A4998B632.d.1720BAACDBE8DC43ECA98B64D8C5DB50.e.32}]
Capabilities {acceptInsecureCerts: false, browserName: chrome, browserVersion: 135.0.7049.96, chrome: {chromedriverVersion: 135.0.7049.42 (0f351bbd2617..., userDataDir: C:\Users\Dell\AppData\Local...}, fedcm:accounts: true, goog:chromeOptions: {debuggerAddress: localhost:63270}, networkConnectionEnabled: false, pageLoadStrategy: normal, platformName: windows, proxy: Proxy(), se:cdp: ws://localhost:63270/devtoo..., se:cdpVersion: 135.0.7049.96, setWindowRect: true, strictFileInteractability: false, timeouts: {implicit: 0, pageLoad: 300000, script: 30000}, unhandledPromptBehavior: dismiss and notify, webauthn:extension:credBlob: true, webauthn:extension:largeBlob: true, webauthn:extension:minPinLength: true, webauthn:extension:prf: true, webauthn:virtualAuthenticators: true}
Element: [[ChromeDriver: chrome on windows (acf089549fe8c282d1d8632243306c43)] -> xpath: //input[@name='email']]
Session ID: acf089549fe8c282d1d8632243306c43
	at java.base/jdk.internal.reflect.DirectConstructorHandleAccessor.newInstance(DirectConstructorHandleAccessor.java:62)
	at java.base/java.lang.reflect.Constructor.newInstanceWithCaller(Constructor.java:501)
	at java.base/java.lang.reflect.Constructor.newInstance(Constructor.java:485)
	at org.openqa.selenium.remote.ErrorCodec.decode(ErrorCodec.java:167)
	at org.openqa.selenium.remote.codec.w3c.W3CHttpResponseCodec.decode(W3CHttpResponseCodec.java:138)
	at org.openqa.selenium.remote.codec.w3c.W3CHttpResponseCodec.decode(W3CHttpResponseCodec.java:50)
	at org.openqa.selenium.remote.HttpCommandExecutor.execute(HttpCommandExecutor.java:215)
	at org.openqa.selenium.remote.service.DriverCommandExecutor.invokeExecute(DriverCommandExecutor.java:216)
	at org.openqa.selenium.remote.service.DriverCommandExecutor.execute(DriverCommandExecutor.java:174)
	at org.openqa.selenium.remote.RemoteWebDriver.execute(RemoteWebDriver.java:545)
	at org.openqa.selenium.remote.RemoteWebElement.execute(RemoteWebElement.java:223)
	at org.openqa.selenium.remote.RemoteWebElement.sendKeys(RemoteWebElement.java:110)
	at seleniumActions.seleniumUIActions.enterValueinUI(seleniumUIActions.java:34)
	at TestCases.com_testcase_registerpage.enterUserInformation(com_testcase_registerpage.java:114)
	at java.base/jdk.internal.reflect.DirectMethodHandleAccessor.invoke(DirectMethodHandleAccessor.java:103)
	at java.base/java.lang.reflect.Method.invoke(Method.java:580)
	at org.testng.internal.invokers.MethodInvocationHelper.invokeMethod(MethodInvocationHelper.java:141)
	at org.testng.internal.invokers.TestInvoker.invokeMethod(TestInvoker.java:687)
	at org.testng.internal.invokers.TestInvoker.invokeTestMethod(TestInvoker.java:230)
	at org.testng.internal.invokers.MethodRunner.runInSequence(MethodRunner.java:63)
	at org.testng.internal.invokers.TestInvoker$MethodInvocationAgent.invoke(TestInvoker.java:995)
	at org.testng.internal.invokers.TestInvoker.invokeTestMethods(TestInvoker.java:203)
	at org.testng.internal.invokers.TestMethodWorker.invokeTestMethods(TestMethodWorker.java:154)
	at org.testng.internal.invokers.TestMethodWorker.run(TestMethodWorker.java:134)
	at java.base/java.util.ArrayList.forEach(ArrayList.java:1597)
	at org.testng.TestRunner.privateRun(TestRunner.java:741)
	at org.testng.TestRunner.run(TestRunner.java:616)
	at org.testng.SuiteRunner.runTest(SuiteRunner.java:421)
	at org.testng.SuiteRunner.runSequentially(SuiteRunner.java:413)
	at org.testng.SuiteRunner.privateRun(SuiteRunner.java:373)
	at org.testng.SuiteRunner.run(SuiteRunner.java:312)
	at org.testng.SuiteRunnerWorker.runSuite(SuiteRunnerWorker.java:52)
	at org.testng.SuiteRunnerWorker.run(SuiteRunnerWorker.java:95)
	at org.testng.TestNG.runSuitesSequentially(TestNG.java:1274)
	at org.testng.TestNG.runSuitesLocally(TestNG.java:1208)
	at org.testng.TestNG.runSuites(TestNG.java:1112)
	at org.testng.TestNG.run(TestNG.java:1079)
	at org.apache.maven.surefire.testng.TestNGExecutor.run(TestNGExecutor.java:308)
	at org.apache.maven.surefire.testng.TestNGXmlTestSuite.execute(TestNGXmlTestSuite.java:71)
	at org.apache.maven.surefire.testng.TestNGProvider.invoke(TestNGProvider.java:113)
	at org.apache.maven.surefire.booter.ForkedBooter.runSuitesInProcess(ForkedBooter.java:385)
	at org.apache.maven.surefire.booter.ForkedBooter.execute(ForkedBooter.java:162)
	at org.apache.maven.surefire.booter.ForkedBooter.run(ForkedBooter.java:507)
	at org.apache.maven.surefire.booter.ForkedBooter.main(ForkedBooter.java:495)
]]></failure>
    <system-out><![CDATA[4
]]></system-out>
  </testcase>
  <testcase name="closeBrowser" classname="TestCases.com_testcase_registerpage" time="13.204">
    <failure message="Communications link failure&#10;&#10;The last packet sent successfully to the server was 0 milliseconds ago. The driver has not received any packets from the server." type="com.mysql.cj.jdbc.exceptions.CommunicationsException"><![CDATA[com.mysql.cj.jdbc.exceptions.CommunicationsException: 
Communications link failure

The last packet sent successfully to the server was 0 milliseconds ago. The driver has not received any packets from the server.
	at com.mysql.cj.jdbc.exceptions.SQLError.createCommunicationsException(SQLError.java:175)
	at com.mysql.cj.jdbc.exceptions.SQLExceptionsMapping.translateException(SQLExceptionsMapping.java:64)
	at com.mysql.cj.jdbc.ConnectionImpl.createNewIO(ConnectionImpl.java:825)
	at com.mysql.cj.jdbc.ConnectionImpl.<init>(ConnectionImpl.java:446)
	at com.mysql.cj.jdbc.ConnectionImpl.getInstance(ConnectionImpl.java:239)
	at com.mysql.cj.jdbc.NonRegisteringDriver.connect(NonRegisteringDriver.java:188)
	at java.sql/java.sql.DriverManager.getConnection(DriverManager.java:682)
	at java.sql/java.sql.DriverManager.getConnection(DriverManager.java:230)
	at dataBaseConnectionDetails.DBUtils.DBConnection(DBUtils.java:19)
	at TestCases.com_testcase_registerpage.closeBrowser(com_testcase_registerpage.java:145)
	at java.base/jdk.internal.reflect.DirectMethodHandleAccessor.invoke(DirectMethodHandleAccessor.java:103)
	at java.base/java.lang.reflect.Method.invoke(Method.java:580)
	at org.testng.internal.invokers.MethodInvocationHelper.invokeMethod(MethodInvocationHelper.java:141)
	at org.testng.internal.invokers.MethodInvocationHelper.invokeMethodConsideringTimeout(MethodInvocationHelper.java:71)
	at org.testng.internal.invokers.ConfigInvoker.invokeConfigurationMethod(ConfigInvoker.java:400)
	at org.testng.internal.invokers.ConfigInvoker.invokeConfigurations(ConfigInvoker.java:333)
	at org.testng.TestRunner.invokeTestConfigurations(TestRunner.java:657)
	at org.testng.TestRunner.afterRun(TestRunner.java:845)
	at org.testng.TestRunner.run(TestRunner.java:618)
	at org.testng.SuiteRunner.runTest(SuiteRunner.java:421)
	at org.testng.SuiteRunner.runSequentially(SuiteRunner.java:413)
	at org.testng.SuiteRunner.privateRun(SuiteRunner.java:373)
	at org.testng.SuiteRunner.run(SuiteRunner.java:312)
	at org.testng.SuiteRunnerWorker.runSuite(SuiteRunnerWorker.java:52)
	at org.testng.SuiteRunnerWorker.run(SuiteRunnerWorker.java:95)
	at org.testng.TestNG.runSuitesSequentially(TestNG.java:1274)
	at org.testng.TestNG.runSuitesLocally(TestNG.java:1208)
	at org.testng.TestNG.runSuites(TestNG.java:1112)
	at org.testng.TestNG.run(TestNG.java:1079)
	at org.apache.maven.surefire.testng.TestNGExecutor.run(TestNGExecutor.java:308)
	at org.apache.maven.surefire.testng.TestNGXmlTestSuite.execute(TestNGXmlTestSuite.java:71)
	at org.apache.maven.surefire.testng.TestNGProvider.invoke(TestNGProvider.java:113)
	at org.apache.maven.surefire.booter.ForkedBooter.runSuitesInProcess(ForkedBooter.java:385)
	at org.apache.maven.surefire.booter.ForkedBooter.execute(ForkedBooter.java:162)
	at org.apache.maven.surefire.booter.ForkedBooter.run(ForkedBooter.java:507)
	at org.apache.maven.surefire.booter.ForkedBooter.main(ForkedBooter.java:495)
Caused by: com.mysql.cj.exceptions.CJCommunicationsException: Communications link failure

The last packet sent successfully to the server was 0 milliseconds ago. The driver has not received any packets from the server.
	at java.base/jdk.internal.reflect.DirectConstructorHandleAccessor.newInstance(DirectConstructorHandleAccessor.java:62)
	at java.base/java.lang.reflect.Constructor.newInstanceWithCaller(Constructor.java:501)
	at java.base/java.lang.reflect.Constructor.newInstance(Constructor.java:485)
	at com.mysql.cj.exceptions.ExceptionFactory.createException(ExceptionFactory.java:62)
	at com.mysql.cj.exceptions.ExceptionFactory.createException(ExceptionFactory.java:105)
	at com.mysql.cj.exceptions.ExceptionFactory.createException(ExceptionFactory.java:150)
	at com.mysql.cj.exceptions.ExceptionFactory.createCommunicationsException(ExceptionFactory.java:166)
	at com.mysql.cj.protocol.a.NativeSocketConnection.connect(NativeSocketConnection.java:89)
	at com.mysql.cj.NativeSession.connect(NativeSession.java:121)
	at com.mysql.cj.jdbc.ConnectionImpl.connectOneTryOnly(ConnectionImpl.java:945)
	at com.mysql.cj.jdbc.ConnectionImpl.createNewIO(ConnectionImpl.java:815)
	... 33 more
Caused by: java.net.UnknownHostException: No such host is known (serverDetails)
	at java.base/java.net.Inet6AddressImpl.lookupAllHostAddr(Native Method)
	at java.base/java.net.Inet6AddressImpl.lookupAllHostAddr(Inet6AddressImpl.java:52)
	at java.base/java.net.InetAddress$PlatformResolver.lookupByName(InetAddress.java:1221)
	at java.base/java.net.InetAddress.getAddressesFromNameService(InetAddress.java:1817)
	at java.base/java.net.InetAddress$NameServiceAddresses.get(InetAddress.java:1149)
	at java.base/java.net.InetAddress.getAllByName0(InetAddress.java:1807)
	at java.base/java.net.InetAddress.getAllByName(InetAddress.java:1676)
	at com.mysql.cj.protocol.StandardSocketFactory.connect(StandardSocketFactory.java:130)
	at com.mysql.cj.protocol.a.NativeSocketConnection.connect(NativeSocketConnection.java:63)
	... 36 more
]]></failure>
  </testcase>
  <testcase name="enterContactInformation" classname="TestCases.com_testcase_datatble" time="0.023"/>
  <testcase name="handleframe" classname="TestCases.com_testcase_verifyframe" time="0.044">
    <failure message="No frame element found by name or id a077aa5e&#10;Build info: version: &apos;4.28.1&apos;, revision: &apos;73f5ad48a2&apos;&#10;System info: os.name: &apos;Windows 11&apos;, os.arch: &apos;amd64&apos;, os.version: &apos;10.0&apos;, java.version: &apos;23.0.1&apos;&#10;Driver info: driver.version: unknown" type="org.openqa.selenium.NoSuchFrameException"><![CDATA[org.openqa.selenium.NoSuchFrameException: 
No frame element found by name or id a077aa5e
Build info: version: '4.28.1', revision: '73f5ad48a2'
System info: os.name: 'Windows 11', os.arch: 'amd64', os.version: '10.0', java.version: '23.0.1'
Driver info: driver.version: unknown
	at org.openqa.selenium.remote.RemoteWebDriver$RemoteTargetLocator.frame(RemoteWebDriver.java:1124)
	at seleniumActions.seleniumUIActions.framehandling(seleniumUIActions.java:123)
	at TestCases.com_testcase_verifyframe.handleframe(com_testcase_verifyframe.java:36)
	at java.base/jdk.internal.reflect.DirectMethodHandleAccessor.invoke(DirectMethodHandleAccessor.java:103)
	at java.base/java.lang.reflect.Method.invoke(Method.java:580)
	at org.testng.internal.invokers.MethodInvocationHelper.invokeMethod(MethodInvocationHelper.java:141)
	at org.testng.internal.invokers.TestInvoker.invokeMethod(TestInvoker.java:687)
	at org.testng.internal.invokers.TestInvoker.invokeTestMethod(TestInvoker.java:230)
	at org.testng.internal.invokers.MethodRunner.runInSequence(MethodRunner.java:63)
	at org.testng.internal.invokers.TestInvoker$MethodInvocationAgent.invoke(TestInvoker.java:995)
	at org.testng.internal.invokers.TestInvoker.invokeTestMethods(TestInvoker.java:203)
	at org.testng.internal.invokers.TestMethodWorker.invokeTestMethods(TestMethodWorker.java:154)
	at org.testng.internal.invokers.TestMethodWorker.run(TestMethodWorker.java:134)
	at java.base/java.util.ArrayList.forEach(ArrayList.java:1597)
	at org.testng.TestRunner.privateRun(TestRunner.java:741)
	at org.testng.TestRunner.run(TestRunner.java:616)
	at org.testng.SuiteRunner.runTest(SuiteRunner.java:421)
	at org.testng.SuiteRunner.runSequentially(SuiteRunner.java:413)
	at org.testng.SuiteRunner.privateRun(SuiteRunner.java:373)
	at org.testng.SuiteRunner.run(SuiteRunner.java:312)
	at org.testng.SuiteRunnerWorker.runSuite(SuiteRunnerWorker.java:52)
	at org.testng.SuiteRunnerWorker.run(SuiteRunnerWorker.java:95)
	at org.testng.TestNG.runSuitesSequentially(TestNG.java:1274)
	at org.testng.TestNG.runSuitesLocally(TestNG.java:1208)
	at org.testng.TestNG.runSuites(TestNG.java:1112)
	at org.testng.TestNG.run(TestNG.java:1079)
	at org.apache.maven.surefire.testng.TestNGExecutor.run(TestNGExecutor.java:308)
	at org.apache.maven.surefire.testng.TestNGXmlTestSuite.execute(TestNGXmlTestSuite.java:71)
	at org.apache.maven.surefire.testng.TestNGProvider.invoke(TestNGProvider.java:113)
	at org.apache.maven.surefire.booter.ForkedBooter.runSuitesInProcess(ForkedBooter.java:385)
	at org.apache.maven.surefire.booter.ForkedBooter.execute(ForkedBooter.java:162)
	at org.apache.maven.surefire.booter.ForkedBooter.run(ForkedBooter.java:507)
	at org.apache.maven.surefire.booter.ForkedBooter.main(ForkedBooter.java:495)
]]></failure>
  </testcase>
  <testcase name="closeBrowser" classname="TestCases.com_testcase_verifyframe" time="0.0">
    <skipped/>
  </testcase>
  <testcase name="enterContactInformation" classname="TestCases.com_testcase_brokenlink" time="80.441">
    <system-out><![CDATA[128
proper linkhttps://www.facebook.com/HYRTutorials/200
my broken link ishttps://twitter.com/hyrtutorials403
proper linkhttps://github.com/YadaGiriReddy/200
proper linkhttps://www.instagram.com/hyrtutorials/200
my broken link ishttps://www.linkedin.com/company/hyrtutorials/999
proper linkhttps://www.youtube.com/hyrtutorials200
proper linkhttps://www.hyrtutorials.com/200
proper linkhttps://www.hyrtutorials.com/p/contactus.html200
proper linkhttps://www.hyrtutorials.com/200
proper linkhttps://www.hyrtutorials.com/200
proper linkhttps://www.hyrtutorials.com/search/label/TechNews200
proper linkhttps://www.hyrtutorials.com/search/label/Tutorials200
proper linkhttps://www.hyrtutorials.com/search/label/.NET200
proper linkhttps://www.hyrtutorials.com/search/label/SQL200
proper linkhttps://www.hyrtutorials.com/search/label/Java200
proper linkhttps://www.hyrtutorials.com/search/label/Testing200
proper linkhttps://www.hyrtutorials.com/search/label/Selenium200
proper linkhttps://www.hyrtutorials.com/search/label/AutomationTesting200
proper linkhttps://www.hyrtutorials.com/search/label/OtherTesting200
proper linkhttps://www.hyrtutorials.com/p/waits-demo.html#200
proper linkhttps://www.hyrtutorials.com/p/waits-demo.html#200
proper linkhttps://www.hyrtutorials.com/p/apache-poi-english.html200
proper linkhttps://www.hyrtutorials.com/p/apache-pdf-box-english.html200
proper linkhttps://www.hyrtutorials.com/p/core-java-english.html200
proper linkhttps://www.hyrtutorials.com/p/css-selectors.html200
proper linkhttps://www.hyrtutorials.com/p/extent-reports.html200
proper linkhttps://www.hyrtutorials.com/p/javascriptexecutor-in-selenium.html200
proper linkhttps://www.hyrtutorials.com/p/testng-english.html200
proper linkhttps://www.hyrtutorials.com/p/xpath-xml-path-language.html200
proper linkhttps://www.hyrtutorials.com/p/waits-demo.html#200
proper linkhttps://www.hyrtutorials.com/p/core-java-telugu.html200
proper linkhttps://www.hyrtutorials.com/p/selenium-java-telugu.html200
proper linkhttps://www.hyrtutorials.com/p/waits-demo.html#200
my broken link ishttps://www.hyrtutorials.com/p/broken-links.html404
my broken link ishttps://www.hyrtutorials.com/p/broken-link1.html404
proper linkhttps://www.hyrtutorials.com/p/css-selectors-practice.html200
proper linkhttps://www.hyrtutorials.com/p/add-padding-to-containers.html200
proper linkhttps://www.hyrtutorials.com/p/frames-practice.html200
proper linkhttps://www.hyrtutorials.com/p/waits-demo.html200
proper linkhttps://www.hyrtutorials.com/p/window-handles-practice.html200
proper linkhttps://www.hyrtutorials.com/p/basic-controls.html200
proper linkhttps://www.hyrtutorials.com/p/html-dropdown-elements-practice.html200
proper linkhttps://www.hyrtutorials.com/p/alertsdemo.html200
proper linkhttps://www.hyrtutorials.com/p/calendar-practice.html200
proper linkhttps://www.hyrtutorials.com/p/contactus.html200
proper linkhttps://www.hyrtutorials.com/200
my broken link ishttps://buymeacoffee.com/yadagirireddy403
proper linkhttps://xn--r1a.click/hyrtutorials200
proper linkhttps://www.blogger.com/200
proper linkhttps://www.hyrtutorials.com/p/waits-demo.html#tabside1200
proper linkhttps://www.hyrtutorials.com/p/waits-demo.html#tabside2200
proper linkhttps://www.hyrtutorials.com/p/waits-demo.html#tabside3200
proper linkhttps://www.hyrtutorials.com/2019/09/maven-uninstallation-on-microsoft.html200
proper linkhttps://www.hyrtutorials.com/2019/09/maven-uninstallation-on-microsoft.html200
proper linkhttps://www.hyrtutorials.com/2023/04/print-the-English-Alphabet-in-Upper-case-and-Lower-case.html200
proper linkhttps://www.hyrtutorials.com/2023/04/print-the-English-Alphabet-in-Upper-case-and-Lower-case.html200
proper linkhttps://www.hyrtutorials.com/2023/04/arrays-in-java.html200
proper linkhttps://www.hyrtutorials.com/2023/04/arrays-in-java.html200
proper linkhttps://www.hyrtutorials.com/2019/09/how-to-install-cucumber-eclipse-plugin.html200
proper linkhttps://www.hyrtutorials.com/2019/09/how-to-install-cucumber-eclipse-plugin.html200
proper linkhttps://www.hyrtutorials.com/2023/04/factors-of-a-given-number.html200
proper linkhttps://www.hyrtutorials.com/2023/04/factors-of-a-given-number.html200
proper linkhttps://www.hyrtutorials.com/2023/04/arrays-in-java.html200
proper linkhttps://www.hyrtutorials.com/2023/04/arrays-in-java.html200
proper linkhttps://www.hyrtutorials.com/2023/04/print-the-English-Alphabet-in-Upper-case-and-Lower-case.html200
proper linkhttps://www.hyrtutorials.com/2023/04/print-the-English-Alphabet-in-Upper-case-and-Lower-case.html200
proper linkhttps://www.hyrtutorials.com/2023/04/factors-of-a-given-number.html200
proper linkhttps://www.hyrtutorials.com/2023/04/factors-of-a-given-number.html200
proper linkhttps://www.hyrtutorials.com/2023/04/factorial-of-a-given%20number.html200
proper linkhttps://www.hyrtutorials.com/2023/04/factorial-of-a-given%20number.html200
proper linkhttps://www.hyrtutorials.com/2023/03/sumof-the-even-numbers-ranging-from-8-to-250-using-for-loop.html200
proper linkhttps://www.hyrtutorials.com/2023/03/sumof-the-even-numbers-ranging-from-8-to-250-using-for-loop.html200
proper linkhttps://www.hyrtutorials.com/search/label/.NET?&max-results=6200
proper linkhttps://www.hyrtutorials.com/search/label/Apache%20POI?&max-results=6200
proper linkhttps://www.hyrtutorials.com/search/label/AutomationTesting?&max-results=6200
proper linkhttps://www.hyrtutorials.com/search/label/Eclipse?&max-results=6200
proper linkhttps://www.hyrtutorials.com/search/label/Java?&max-results=6200
proper linkhttps://www.hyrtutorials.com/search/label/Maven?&max-results=6200
proper linkhttps://www.hyrtutorials.com/search/label/Selenium?&max-results=6200
proper linkhttps://www.hyrtutorials.com/search/label/Shorts?&max-results=6200
proper linkhttps://www.hyrtutorials.com/search/label/SQL?&max-results=6200
proper linkhttps://www.hyrtutorials.com/search/label/TechNews?&max-results=6200
proper linkhttps://www.hyrtutorials.com/search/label/Testing?&max-results=6200
proper linkhttps://www.hyrtutorials.com/search/label/TestNG?&max-results=6200
proper linkhttps://www.hyrtutorials.com/search/label/Tutorials?&max-results=6200
proper linkhttps://www.hyrtutorials.com/search/label/Web%20Automation?&max-results=6200
proper linkhttps://www.hyrtutorials.com/search/label/Windows%20Automation?&max-results=6200
proper linkhttps://www.hyrtutorials.com/2023/04/arrays-in-java.html200
proper linkhttps://www.hyrtutorials.com/2023/04/arrays-in-java.html200
proper linkhttps://www.hyrtutorials.com/2023/04/print-the-English-Alphabet-in-Upper-case-and-Lower-case.html200
proper linkhttps://www.hyrtutorials.com/2023/04/print-the-English-Alphabet-in-Upper-case-and-Lower-case.html200
proper linkhttps://www.hyrtutorials.com/2023/04/factors-of-a-given-number.html200
proper linkhttps://www.hyrtutorials.com/2023/04/factors-of-a-given-number.html200
proper linkhttps://www.hyrtutorials.com/2023/04/factorial-of-a-given%20number.html200
proper linkhttps://www.hyrtutorials.com/2023/04/factorial-of-a-given%20number.html200
proper linkhttps://www.hyrtutorials.com/2023/03/sumof-the-even-numbers-ranging-from-8-to-250-using-for-loop.html200
proper linkhttps://www.hyrtutorials.com/2023/03/sumof-the-even-numbers-ranging-from-8-to-250-using-for-loop.html200
proper linkhttps://techncruncher.blogspot.com/2025/01/top-10-ai-tools-that-will-transform.html200
proper linkhttps://techncruncher.blogspot.com/2023/12/limewire-ai-studio-review-2023-details.html200
proper linkhttps://techncruncher.blogspot.com/2023/01/top-10-ai-tools-in-2023-that-will-make.html200
proper linkhttps://techncruncher.blogspot.com/2022/11/top-10-ai-content-generator-writer.html200
proper linkhttps://techncruncher.blogspot.com/2022/09/cj-affiliate-ultimate-guide-to.html200
proper linkhttps://facebook.com/HYRTutorials200
proper linkhttps://github.com/YadaGiriReddy/HYR-Tutorials200
proper linkhttps://www.instagram.com/hyrtutorials200
my broken link ishttps://linkedin.com/company/hyrtutorials999
proper linkhttps://t.me/hyrtutorials200
proper linkhttps://youtube.com/hyrtutorials200
proper linkhttps://www.hyrtutorials.com/search/label/Tutorials?&max-results=6200
proper linkhttps://www.hyrtutorials.com/search/label/Java?&max-results=6200
proper linkhttps://www.hyrtutorials.com/search/label/Testing?&max-results=6200
proper linkhttps://www.hyrtutorials.com/search/label/AutomationTesting?&max-results=6200
proper linkhttps://www.hyrtutorials.com/search/label/Web%20Automation?&max-results=6200
proper linkhttps://www.hyrtutorials.com/search/label/TechNews?&max-results=6200
proper linkhttps://www.hyrtutorials.com/search/label/Selenium?&max-results=6200
proper linkhttps://www.hyrtutorials.com/search/label/Shorts?&max-results=6200
proper linkhttps://www.hyrtutorials.com/search/label/TestNG?&max-results=6200
proper linkhttps://www.hyrtutorials.com/search/label/SQL?&max-results=6200
proper linkhttps://www.hyrtutorials.com/search/label/Eclipse?&max-results=6200
proper linkhttps://www.hyrtutorials.com/search/label/Maven?&max-results=6200
proper linkhttps://www.hyrtutorials.com/search/label/Apache%20POI?&max-results=6200
proper linkhttps://www.hyrtutorials.com/search/label/.NET?&max-results=6200
proper linkhttps://www.hyrtutorials.com/search/label/Windows%20Automation?&max-results=6200
my broken link ishttps://www.linkedin.com/in/hyadagirireddy/999
proper linkhttp://www.templatesyard.com/301
proper linkhttp://www.mybloggerthemes.com/301
proper linkhttps://www.hyrtutorials.com/p/waits-demo.html#200
]]></system-out>
  </testcase>
  <testcase name="enterContactInformation1" classname="TestCases.com_testcase_brokenlink" time="61.612">
    <system-out><![CDATA[128
proper linkhttps://www.facebook.com/HYRTutorials/200
my broken link ishttps://twitter.com/hyrtutorials403
proper linkhttps://github.com/YadaGiriReddy/200
proper linkhttps://www.instagram.com/hyrtutorials/200
my broken link ishttps://www.linkedin.com/company/hyrtutorials/999
proper linkhttps://www.youtube.com/hyrtutorials200
proper linkhttps://www.hyrtutorials.com/200
proper linkhttps://www.hyrtutorials.com/p/contactus.html200
proper linkhttps://www.hyrtutorials.com/200
proper linkhttps://www.hyrtutorials.com/200
proper linkhttps://www.hyrtutorials.com/search/label/TechNews200
proper linkhttps://www.hyrtutorials.com/search/label/Tutorials200
proper linkhttps://www.hyrtutorials.com/search/label/.NET200
proper linkhttps://www.hyrtutorials.com/search/label/SQL200
proper linkhttps://www.hyrtutorials.com/search/label/Java200
proper linkhttps://www.hyrtutorials.com/search/label/Testing200
proper linkhttps://www.hyrtutorials.com/search/label/Selenium200
proper linkhttps://www.hyrtutorials.com/search/label/AutomationTesting200
proper linkhttps://www.hyrtutorials.com/search/label/OtherTesting200
proper linkhttps://www.hyrtutorials.com/p/waits-demo.html#200
proper linkhttps://www.hyrtutorials.com/p/waits-demo.html#200
proper linkhttps://www.hyrtutorials.com/p/apache-poi-english.html200
proper linkhttps://www.hyrtutorials.com/p/apache-pdf-box-english.html200
proper linkhttps://www.hyrtutorials.com/p/core-java-english.html200
proper linkhttps://www.hyrtutorials.com/p/css-selectors.html200
proper linkhttps://www.hyrtutorials.com/p/extent-reports.html200
proper linkhttps://www.hyrtutorials.com/p/javascriptexecutor-in-selenium.html200
proper linkhttps://www.hyrtutorials.com/p/testng-english.html200
proper linkhttps://www.hyrtutorials.com/p/xpath-xml-path-language.html200
proper linkhttps://www.hyrtutorials.com/p/waits-demo.html#200
proper linkhttps://www.hyrtutorials.com/p/core-java-telugu.html200
proper linkhttps://www.hyrtutorials.com/p/selenium-java-telugu.html200
proper linkhttps://www.hyrtutorials.com/p/waits-demo.html#200
my broken link ishttps://www.hyrtutorials.com/p/broken-links.html404
my broken link ishttps://www.hyrtutorials.com/p/broken-link1.html404
proper linkhttps://www.hyrtutorials.com/p/css-selectors-practice.html200
proper linkhttps://www.hyrtutorials.com/p/add-padding-to-containers.html200
proper linkhttps://www.hyrtutorials.com/p/frames-practice.html200
proper linkhttps://www.hyrtutorials.com/p/waits-demo.html200
proper linkhttps://www.hyrtutorials.com/p/window-handles-practice.html200
proper linkhttps://www.hyrtutorials.com/p/basic-controls.html200
proper linkhttps://www.hyrtutorials.com/p/html-dropdown-elements-practice.html200
proper linkhttps://www.hyrtutorials.com/p/alertsdemo.html200
proper linkhttps://www.hyrtutorials.com/p/calendar-practice.html200
proper linkhttps://www.hyrtutorials.com/p/contactus.html200
proper linkhttps://www.hyrtutorials.com/200
my broken link ishttps://buymeacoffee.com/yadagirireddy403
proper linkhttps://xn--r1a.click/hyrtutorials200
proper linkhttps://www.blogger.com/200
proper linkhttps://www.hyrtutorials.com/p/waits-demo.html#tabside1200
proper linkhttps://www.hyrtutorials.com/p/waits-demo.html#tabside2200
proper linkhttps://www.hyrtutorials.com/p/waits-demo.html#tabside3200
proper linkhttps://www.hyrtutorials.com/2019/09/maven-uninstallation-on-microsoft.html200
proper linkhttps://www.hyrtutorials.com/2019/09/maven-uninstallation-on-microsoft.html200
proper linkhttps://www.hyrtutorials.com/2023/04/print-the-English-Alphabet-in-Upper-case-and-Lower-case.html200
proper linkhttps://www.hyrtutorials.com/2023/04/print-the-English-Alphabet-in-Upper-case-and-Lower-case.html200
proper linkhttps://www.hyrtutorials.com/2023/04/arrays-in-java.html200
proper linkhttps://www.hyrtutorials.com/2023/04/arrays-in-java.html200
proper linkhttps://www.hyrtutorials.com/2019/09/how-to-install-cucumber-eclipse-plugin.html200
proper linkhttps://www.hyrtutorials.com/2019/09/how-to-install-cucumber-eclipse-plugin.html200
proper linkhttps://www.hyrtutorials.com/2023/04/factors-of-a-given-number.html200
proper linkhttps://www.hyrtutorials.com/2023/04/factors-of-a-given-number.html200
proper linkhttps://www.hyrtutorials.com/2023/04/arrays-in-java.html200
proper linkhttps://www.hyrtutorials.com/2023/04/arrays-in-java.html200
proper linkhttps://www.hyrtutorials.com/2023/04/print-the-English-Alphabet-in-Upper-case-and-Lower-case.html200
proper linkhttps://www.hyrtutorials.com/2023/04/print-the-English-Alphabet-in-Upper-case-and-Lower-case.html200
proper linkhttps://www.hyrtutorials.com/2023/04/factors-of-a-given-number.html200
proper linkhttps://www.hyrtutorials.com/2023/04/factors-of-a-given-number.html200
proper linkhttps://www.hyrtutorials.com/2023/04/factorial-of-a-given%20number.html200
proper linkhttps://www.hyrtutorials.com/2023/04/factorial-of-a-given%20number.html200
proper linkhttps://www.hyrtutorials.com/2023/03/sumof-the-even-numbers-ranging-from-8-to-250-using-for-loop.html200
proper linkhttps://www.hyrtutorials.com/2023/03/sumof-the-even-numbers-ranging-from-8-to-250-using-for-loop.html200
proper linkhttps://www.hyrtutorials.com/search/label/.NET?&max-results=6200
proper linkhttps://www.hyrtutorials.com/search/label/Apache%20POI?&max-results=6200
proper linkhttps://www.hyrtutorials.com/search/label/AutomationTesting?&max-results=6200
proper linkhttps://www.hyrtutorials.com/search/label/Eclipse?&max-results=6200
proper linkhttps://www.hyrtutorials.com/search/label/Java?&max-results=6200
proper linkhttps://www.hyrtutorials.com/search/label/Maven?&max-results=6200
proper linkhttps://www.hyrtutorials.com/search/label/Selenium?&max-results=6200
proper linkhttps://www.hyrtutorials.com/search/label/Shorts?&max-results=6200
proper linkhttps://www.hyrtutorials.com/search/label/SQL?&max-results=6200
proper linkhttps://www.hyrtutorials.com/search/label/TechNews?&max-results=6200
proper linkhttps://www.hyrtutorials.com/search/label/Testing?&max-results=6200
proper linkhttps://www.hyrtutorials.com/search/label/TestNG?&max-results=6200
proper linkhttps://www.hyrtutorials.com/search/label/Tutorials?&max-results=6200
proper linkhttps://www.hyrtutorials.com/search/label/Web%20Automation?&max-results=6200
proper linkhttps://www.hyrtutorials.com/search/label/Windows%20Automation?&max-results=6200
proper linkhttps://www.hyrtutorials.com/2023/04/arrays-in-java.html200
proper linkhttps://www.hyrtutorials.com/2023/04/arrays-in-java.html200
proper linkhttps://www.hyrtutorials.com/2023/04/print-the-English-Alphabet-in-Upper-case-and-Lower-case.html200
proper linkhttps://www.hyrtutorials.com/2023/04/print-the-English-Alphabet-in-Upper-case-and-Lower-case.html200
proper linkhttps://www.hyrtutorials.com/2023/04/factors-of-a-given-number.html200
proper linkhttps://www.hyrtutorials.com/2023/04/factors-of-a-given-number.html200
proper linkhttps://www.hyrtutorials.com/2023/04/factorial-of-a-given%20number.html200
proper linkhttps://www.hyrtutorials.com/2023/04/factorial-of-a-given%20number.html200
proper linkhttps://www.hyrtutorials.com/2023/03/sumof-the-even-numbers-ranging-from-8-to-250-using-for-loop.html200
proper linkhttps://www.hyrtutorials.com/2023/03/sumof-the-even-numbers-ranging-from-8-to-250-using-for-loop.html200
proper linkhttps://techncruncher.blogspot.com/2025/01/top-10-ai-tools-that-will-transform.html200
proper linkhttps://techncruncher.blogspot.com/2023/12/limewire-ai-studio-review-2023-details.html200
proper linkhttps://techncruncher.blogspot.com/2023/01/top-10-ai-tools-in-2023-that-will-make.html200
proper linkhttps://techncruncher.blogspot.com/2022/11/top-10-ai-content-generator-writer.html200
proper linkhttps://techncruncher.blogspot.com/2022/09/cj-affiliate-ultimate-guide-to.html200
proper linkhttps://facebook.com/HYRTutorials200
proper linkhttps://github.com/YadaGiriReddy/HYR-Tutorials200
proper linkhttps://www.instagram.com/hyrtutorials200
my broken link ishttps://linkedin.com/company/hyrtutorials999
proper linkhttps://t.me/hyrtutorials200
proper linkhttps://youtube.com/hyrtutorials200
proper linkhttps://www.hyrtutorials.com/search/label/Tutorials?&max-results=6200
proper linkhttps://www.hyrtutorials.com/search/label/Java?&max-results=6200
proper linkhttps://www.hyrtutorials.com/search/label/Testing?&max-results=6200
proper linkhttps://www.hyrtutorials.com/search/label/AutomationTesting?&max-results=6200
proper linkhttps://www.hyrtutorials.com/search/label/Web%20Automation?&max-results=6200
proper linkhttps://www.hyrtutorials.com/search/label/TechNews?&max-results=6200
proper linkhttps://www.hyrtutorials.com/search/label/Selenium?&max-results=6200
proper linkhttps://www.hyrtutorials.com/search/label/Shorts?&max-results=6200
proper linkhttps://www.hyrtutorials.com/search/label/TestNG?&max-results=6200
proper linkhttps://www.hyrtutorials.com/search/label/SQL?&max-results=6200
proper linkhttps://www.hyrtutorials.com/search/label/Eclipse?&max-results=6200
proper linkhttps://www.hyrtutorials.com/search/label/Maven?&max-results=6200
proper linkhttps://www.hyrtutorials.com/search/label/Apache%20POI?&max-results=6200
proper linkhttps://www.hyrtutorials.com/search/label/.NET?&max-results=6200
proper linkhttps://www.hyrtutorials.com/search/label/Windows%20Automation?&max-results=6200
my broken link ishttps://www.linkedin.com/in/hyadagirireddy/999
proper linkhttp://www.templatesyard.com/301
proper linkhttp://www.mybloggerthemes.com/301
proper linkhttps://www.hyrtutorials.com/p/waits-demo.html#200
]]></system-out>
  </testcase>
  <testcase name="enterContactInformation2" classname="TestCases.com_testcase_brokenlink" time="64.355">
    <system-out><![CDATA[128
proper linkhttps://www.facebook.com/HYRTutorials/200
my broken link ishttps://twitter.com/hyrtutorials403
proper linkhttps://github.com/YadaGiriReddy/200
proper linkhttps://www.instagram.com/hyrtutorials/200
my broken link ishttps://www.linkedin.com/company/hyrtutorials/999
proper linkhttps://www.youtube.com/hyrtutorials200
proper linkhttps://www.hyrtutorials.com/200
proper linkhttps://www.hyrtutorials.com/p/contactus.html200
proper linkhttps://www.hyrtutorials.com/200
proper linkhttps://www.hyrtutorials.com/200
proper linkhttps://www.hyrtutorials.com/search/label/TechNews200
proper linkhttps://www.hyrtutorials.com/search/label/Tutorials200
proper linkhttps://www.hyrtutorials.com/search/label/.NET200
proper linkhttps://www.hyrtutorials.com/search/label/SQL200
proper linkhttps://www.hyrtutorials.com/search/label/Java200
proper linkhttps://www.hyrtutorials.com/search/label/Testing200
proper linkhttps://www.hyrtutorials.com/search/label/Selenium200
proper linkhttps://www.hyrtutorials.com/search/label/AutomationTesting200
proper linkhttps://www.hyrtutorials.com/search/label/OtherTesting200
proper linkhttps://www.hyrtutorials.com/p/waits-demo.html#200
proper linkhttps://www.hyrtutorials.com/p/waits-demo.html#200
proper linkhttps://www.hyrtutorials.com/p/apache-poi-english.html200
proper linkhttps://www.hyrtutorials.com/p/apache-pdf-box-english.html200
proper linkhttps://www.hyrtutorials.com/p/core-java-english.html200
proper linkhttps://www.hyrtutorials.com/p/css-selectors.html200
proper linkhttps://www.hyrtutorials.com/p/extent-reports.html200
proper linkhttps://www.hyrtutorials.com/p/javascriptexecutor-in-selenium.html200
proper linkhttps://www.hyrtutorials.com/p/testng-english.html200
proper linkhttps://www.hyrtutorials.com/p/xpath-xml-path-language.html200
proper linkhttps://www.hyrtutorials.com/p/waits-demo.html#200
proper linkhttps://www.hyrtutorials.com/p/core-java-telugu.html200
proper linkhttps://www.hyrtutorials.com/p/selenium-java-telugu.html200
proper linkhttps://www.hyrtutorials.com/p/waits-demo.html#200
my broken link ishttps://www.hyrtutorials.com/p/broken-links.html404
my broken link ishttps://www.hyrtutorials.com/p/broken-link1.html404
proper linkhttps://www.hyrtutorials.com/p/css-selectors-practice.html200
proper linkhttps://www.hyrtutorials.com/p/add-padding-to-containers.html200
proper linkhttps://www.hyrtutorials.com/p/frames-practice.html200
proper linkhttps://www.hyrtutorials.com/p/waits-demo.html200
proper linkhttps://www.hyrtutorials.com/p/window-handles-practice.html200
proper linkhttps://www.hyrtutorials.com/p/basic-controls.html200
proper linkhttps://www.hyrtutorials.com/p/html-dropdown-elements-practice.html200
proper linkhttps://www.hyrtutorials.com/p/alertsdemo.html200
proper linkhttps://www.hyrtutorials.com/p/calendar-practice.html200
proper linkhttps://www.hyrtutorials.com/p/contactus.html200
proper linkhttps://www.hyrtutorials.com/200
my broken link ishttps://buymeacoffee.com/yadagirireddy403
proper linkhttps://xn--r1a.click/hyrtutorials200
proper linkhttps://www.blogger.com/200
proper linkhttps://www.hyrtutorials.com/p/waits-demo.html#tabside1200
proper linkhttps://www.hyrtutorials.com/p/waits-demo.html#tabside2200
proper linkhttps://www.hyrtutorials.com/p/waits-demo.html#tabside3200
proper linkhttps://www.hyrtutorials.com/2019/09/maven-uninstallation-on-microsoft.html200
proper linkhttps://www.hyrtutorials.com/2019/09/maven-uninstallation-on-microsoft.html200
proper linkhttps://www.hyrtutorials.com/2023/04/print-the-English-Alphabet-in-Upper-case-and-Lower-case.html200
proper linkhttps://www.hyrtutorials.com/2023/04/print-the-English-Alphabet-in-Upper-case-and-Lower-case.html200
proper linkhttps://www.hyrtutorials.com/2023/04/arrays-in-java.html200
proper linkhttps://www.hyrtutorials.com/2023/04/arrays-in-java.html200
proper linkhttps://www.hyrtutorials.com/2019/09/how-to-install-cucumber-eclipse-plugin.html200
proper linkhttps://www.hyrtutorials.com/2019/09/how-to-install-cucumber-eclipse-plugin.html200
proper linkhttps://www.hyrtutorials.com/2023/04/factors-of-a-given-number.html200
proper linkhttps://www.hyrtutorials.com/2023/04/factors-of-a-given-number.html200
proper linkhttps://www.hyrtutorials.com/2023/04/arrays-in-java.html200
proper linkhttps://www.hyrtutorials.com/2023/04/arrays-in-java.html200
proper linkhttps://www.hyrtutorials.com/2023/04/print-the-English-Alphabet-in-Upper-case-and-Lower-case.html200
proper linkhttps://www.hyrtutorials.com/2023/04/print-the-English-Alphabet-in-Upper-case-and-Lower-case.html200
proper linkhttps://www.hyrtutorials.com/2023/04/factors-of-a-given-number.html200
proper linkhttps://www.hyrtutorials.com/2023/04/factors-of-a-given-number.html200
proper linkhttps://www.hyrtutorials.com/2023/04/factorial-of-a-given%20number.html200
proper linkhttps://www.hyrtutorials.com/2023/04/factorial-of-a-given%20number.html200
proper linkhttps://www.hyrtutorials.com/2023/03/sumof-the-even-numbers-ranging-from-8-to-250-using-for-loop.html200
proper linkhttps://www.hyrtutorials.com/2023/03/sumof-the-even-numbers-ranging-from-8-to-250-using-for-loop.html200
proper linkhttps://www.hyrtutorials.com/search/label/.NET?&max-results=6200
proper linkhttps://www.hyrtutorials.com/search/label/Apache%20POI?&max-results=6200
proper linkhttps://www.hyrtutorials.com/search/label/AutomationTesting?&max-results=6200
proper linkhttps://www.hyrtutorials.com/search/label/Eclipse?&max-results=6200
proper linkhttps://www.hyrtutorials.com/search/label/Java?&max-results=6200
proper linkhttps://www.hyrtutorials.com/search/label/Maven?&max-results=6200
proper linkhttps://www.hyrtutorials.com/search/label/Selenium?&max-results=6200
proper linkhttps://www.hyrtutorials.com/search/label/Shorts?&max-results=6200
proper linkhttps://www.hyrtutorials.com/search/label/SQL?&max-results=6200
proper linkhttps://www.hyrtutorials.com/search/label/TechNews?&max-results=6200
proper linkhttps://www.hyrtutorials.com/search/label/Testing?&max-results=6200
proper linkhttps://www.hyrtutorials.com/search/label/TestNG?&max-results=6200
proper linkhttps://www.hyrtutorials.com/search/label/Tutorials?&max-results=6200
proper linkhttps://www.hyrtutorials.com/search/label/Web%20Automation?&max-results=6200
proper linkhttps://www.hyrtutorials.com/search/label/Windows%20Automation?&max-results=6200
proper linkhttps://www.hyrtutorials.com/2023/04/arrays-in-java.html200
proper linkhttps://www.hyrtutorials.com/2023/04/arrays-in-java.html200
proper linkhttps://www.hyrtutorials.com/2023/04/print-the-English-Alphabet-in-Upper-case-and-Lower-case.html200
proper linkhttps://www.hyrtutorials.com/2023/04/print-the-English-Alphabet-in-Upper-case-and-Lower-case.html200
proper linkhttps://www.hyrtutorials.com/2023/04/factors-of-a-given-number.html200
proper linkhttps://www.hyrtutorials.com/2023/04/factors-of-a-given-number.html200
proper linkhttps://www.hyrtutorials.com/2023/04/factorial-of-a-given%20number.html200
proper linkhttps://www.hyrtutorials.com/2023/04/factorial-of-a-given%20number.html200
proper linkhttps://www.hyrtutorials.com/2023/03/sumof-the-even-numbers-ranging-from-8-to-250-using-for-loop.html200
proper linkhttps://www.hyrtutorials.com/2023/03/sumof-the-even-numbers-ranging-from-8-to-250-using-for-loop.html200
proper linkhttps://techncruncher.blogspot.com/2025/01/top-10-ai-tools-that-will-transform.html200
proper linkhttps://techncruncher.blogspot.com/2023/12/limewire-ai-studio-review-2023-details.html200
proper linkhttps://techncruncher.blogspot.com/2023/01/top-10-ai-tools-in-2023-that-will-make.html200
proper linkhttps://techncruncher.blogspot.com/2022/11/top-10-ai-content-generator-writer.html200
proper linkhttps://techncruncher.blogspot.com/2022/09/cj-affiliate-ultimate-guide-to.html200
proper linkhttps://facebook.com/HYRTutorials200
proper linkhttps://github.com/YadaGiriReddy/HYR-Tutorials200
proper linkhttps://www.instagram.com/hyrtutorials200
my broken link ishttps://linkedin.com/company/hyrtutorials999
proper linkhttps://t.me/hyrtutorials200
proper linkhttps://youtube.com/hyrtutorials200
proper linkhttps://www.hyrtutorials.com/search/label/Tutorials?&max-results=6200
proper linkhttps://www.hyrtutorials.com/search/label/Java?&max-results=6200
proper linkhttps://www.hyrtutorials.com/search/label/Testing?&max-results=6200
proper linkhttps://www.hyrtutorials.com/search/label/AutomationTesting?&max-results=6200
proper linkhttps://www.hyrtutorials.com/search/label/Web%20Automation?&max-results=6200
proper linkhttps://www.hyrtutorials.com/search/label/TechNews?&max-results=6200
proper linkhttps://www.hyrtutorials.com/search/label/Selenium?&max-results=6200
proper linkhttps://www.hyrtutorials.com/search/label/Shorts?&max-results=6200
proper linkhttps://www.hyrtutorials.com/search/label/TestNG?&max-results=6200
proper linkhttps://www.hyrtutorials.com/search/label/SQL?&max-results=6200
proper linkhttps://www.hyrtutorials.com/search/label/Eclipse?&max-results=6200
proper linkhttps://www.hyrtutorials.com/search/label/Maven?&max-results=6200
proper linkhttps://www.hyrtutorials.com/search/label/Apache%20POI?&max-results=6200
proper linkhttps://www.hyrtutorials.com/search/label/.NET?&max-results=6200
proper linkhttps://www.hyrtutorials.com/search/label/Windows%20Automation?&max-results=6200
my broken link ishttps://www.linkedin.com/in/hyadagirireddy/999
proper linkhttp://www.templatesyard.com/301
proper linkhttp://www.mybloggerthemes.com/301
proper linkhttps://www.hyrtutorials.com/p/waits-demo.html#200
]]></system-out>
  </testcase>
  <testcase name="handleAert" classname="TestCases.com_testcase_verifyAlert" time="0.047">
    <failure message="no such element: Unable to locate element: {&quot;method&quot;:&quot;xpath&quot;,&quot;selector&quot;:&quot;//button[@id=&apos;alertBox&apos;]&quot;}&#10;  (Session info: chrome=135.0.7049.96)&#10;For documentation on this error, please visit: https://www.selenium.dev/documentation/webdriver/troubleshooting/errors#no-such-element-exception&#10;Build info: version: &apos;4.28.1&apos;, revision: &apos;73f5ad48a2&apos;&#10;System info: os.name: &apos;Windows 11&apos;, os.arch: &apos;amd64&apos;, os.version: &apos;10.0&apos;, java.version: &apos;23.0.1&apos;&#10;Driver info: org.openqa.selenium.chrome.ChromeDriver&#10;Command: [acf089549fe8c282d1d8632243306c43, findElement {value=//button[@id=&apos;alertBox&apos;], using=xpath}]&#10;Capabilities {acceptInsecureCerts: false, browserName: chrome, browserVersion: 135.0.7049.96, chrome: {chromedriverVersion: 135.0.7049.42 (0f351bbd2617..., userDataDir: C:\Users\Dell\AppData\Local...}, fedcm:accounts: true, goog:chromeOptions: {debuggerAddress: localhost:63270}, networkConnectionEnabled: false, pageLoadStrategy: normal, platformName: windows, proxy: Proxy(), se:cdp: ws://localhost:63270/devtoo..., se:cdpVersion: 135.0.7049.96, setWindowRect: true, strictFileInteractability: false, timeouts: {implicit: 0, pageLoad: 300000, script: 30000}, unhandledPromptBehavior: dismiss and notify, webauthn:extension:credBlob: true, webauthn:extension:largeBlob: true, webauthn:extension:minPinLength: true, webauthn:extension:prf: true, webauthn:virtualAuthenticators: true}&#10;Session ID: acf089549fe8c282d1d8632243306c43" type="org.openqa.selenium.NoSuchElementException"><![CDATA[org.openqa.selenium.NoSuchElementException: 
no such element: Unable to locate element: {"method":"xpath","selector":"//button[@id='alertBox']"}
  (Session info: chrome=135.0.7049.96)
For documentation on this error, please visit: https://www.selenium.dev/documentation/webdriver/troubleshooting/errors#no-such-element-exception
Build info: version: '4.28.1', revision: '73f5ad48a2'
System info: os.name: 'Windows 11', os.arch: 'amd64', os.version: '10.0', java.version: '23.0.1'
Driver info: org.openqa.selenium.chrome.ChromeDriver
Command: [acf089549fe8c282d1d8632243306c43, findElement {value=//button[@id='alertBox'], using=xpath}]
Capabilities {acceptInsecureCerts: false, browserName: chrome, browserVersion: 135.0.7049.96, chrome: {chromedriverVersion: 135.0.7049.42 (0f351bbd2617..., userDataDir: C:\Users\Dell\AppData\Local...}, fedcm:accounts: true, goog:chromeOptions: {debuggerAddress: localhost:63270}, networkConnectionEnabled: false, pageLoadStrategy: normal, platformName: windows, proxy: Proxy(), se:cdp: ws://localhost:63270/devtoo..., se:cdpVersion: 135.0.7049.96, setWindowRect: true, strictFileInteractability: false, timeouts: {implicit: 0, pageLoad: 300000, script: 30000}, unhandledPromptBehavior: dismiss and notify, webauthn:extension:credBlob: true, webauthn:extension:largeBlob: true, webauthn:extension:minPinLength: true, webauthn:extension:prf: true, webauthn:virtualAuthenticators: true}
Session ID: acf089549fe8c282d1d8632243306c43
	at java.base/jdk.internal.reflect.DirectConstructorHandleAccessor.newInstance(DirectConstructorHandleAccessor.java:62)
	at java.base/java.lang.reflect.Constructor.newInstanceWithCaller(Constructor.java:501)
	at java.base/java.lang.reflect.Constructor.newInstance(Constructor.java:485)
	at org.openqa.selenium.remote.ErrorCodec.decode(ErrorCodec.java:167)
	at org.openqa.selenium.remote.codec.w3c.W3CHttpResponseCodec.decode(W3CHttpResponseCodec.java:138)
	at org.openqa.selenium.remote.codec.w3c.W3CHttpResponseCodec.decode(W3CHttpResponseCodec.java:50)
	at org.openqa.selenium.remote.HttpCommandExecutor.execute(HttpCommandExecutor.java:215)
	at org.openqa.selenium.remote.service.DriverCommandExecutor.invokeExecute(DriverCommandExecutor.java:216)
	at org.openqa.selenium.remote.service.DriverCommandExecutor.execute(DriverCommandExecutor.java:174)
	at org.openqa.selenium.remote.RemoteWebDriver.execute(RemoteWebDriver.java:545)
	at org.openqa.selenium.remote.ElementLocation$ElementFinder$2.findElement(ElementLocation.java:165)
	at org.openqa.selenium.remote.ElementLocation.findElement(ElementLocation.java:59)
	at org.openqa.selenium.remote.RemoteWebDriver.findElement(RemoteWebDriver.java:368)
	at org.openqa.selenium.remote.RemoteWebDriver.findElement(RemoteWebDriver.java:362)
	at TestCases.com_testcase_verifyAlert.handleAert(com_testcase_verifyAlert.java:34)
	at java.base/jdk.internal.reflect.DirectMethodHandleAccessor.invoke(DirectMethodHandleAccessor.java:103)
	at java.base/java.lang.reflect.Method.invoke(Method.java:580)
	at org.testng.internal.invokers.MethodInvocationHelper.invokeMethod(MethodInvocationHelper.java:141)
	at org.testng.internal.invokers.TestInvoker.invokeMethod(TestInvoker.java:687)
	at org.testng.internal.invokers.TestInvoker.invokeTestMethod(TestInvoker.java:230)
	at org.testng.internal.invokers.MethodRunner.runInSequence(MethodRunner.java:63)
	at org.testng.internal.invokers.TestInvoker$MethodInvocationAgent.invoke(TestInvoker.java:995)
	at org.testng.internal.invokers.TestInvoker.invokeTestMethods(TestInvoker.java:203)
	at org.testng.internal.invokers.TestMethodWorker.invokeTestMethods(TestMethodWorker.java:154)
	at org.testng.internal.invokers.TestMethodWorker.run(TestMethodWorker.java:134)
	at java.base/java.util.ArrayList.forEach(ArrayList.java:1597)
	at org.testng.TestRunner.privateRun(TestRunner.java:741)
	at org.testng.TestRunner.run(TestRunner.java:616)
	at org.testng.SuiteRunner.runTest(SuiteRunner.java:421)
	at org.testng.SuiteRunner.runSequentially(SuiteRunner.java:413)
	at org.testng.SuiteRunner.privateRun(SuiteRunner.java:373)
	at org.testng.SuiteRunner.run(SuiteRunner.java:312)
	at org.testng.SuiteRunnerWorker.runSuite(SuiteRunnerWorker.java:52)
	at org.testng.SuiteRunnerWorker.run(SuiteRunnerWorker.java:95)
	at org.testng.TestNG.runSuitesSequentially(TestNG.java:1274)
	at org.testng.TestNG.runSuitesLocally(TestNG.java:1208)
	at org.testng.TestNG.runSuites(TestNG.java:1112)
	at org.testng.TestNG.run(TestNG.java:1079)
	at org.apache.maven.surefire.testng.TestNGExecutor.run(TestNGExecutor.java:308)
	at org.apache.maven.surefire.testng.TestNGXmlTestSuite.execute(TestNGXmlTestSuite.java:71)
	at org.apache.maven.surefire.testng.TestNGProvider.invoke(TestNGProvider.java:113)
	at org.apache.maven.surefire.booter.ForkedBooter.runSuitesInProcess(ForkedBooter.java:385)
	at org.apache.maven.surefire.booter.ForkedBooter.execute(ForkedBooter.java:162)
	at org.apache.maven.surefire.booter.ForkedBooter.run(ForkedBooter.java:507)
	at org.apache.maven.surefire.booter.ForkedBooter.main(ForkedBooter.java:495)
]]></failure>
  </testcase>
  <testcase name="enterMessageInalert" classname="TestCases.com_testcase_verifyAlert" time="0.024">
    <failure message="no such element: Unable to locate element: {&quot;method&quot;:&quot;xpath&quot;,&quot;selector&quot;:&quot;//button[@id=&apos;promptBox&apos;]&quot;}&#10;  (Session info: chrome=135.0.7049.96)&#10;For documentation on this error, please visit: https://www.selenium.dev/documentation/webdriver/troubleshooting/errors#no-such-element-exception&#10;Build info: version: &apos;4.28.1&apos;, revision: &apos;73f5ad48a2&apos;&#10;System info: os.name: &apos;Windows 11&apos;, os.arch: &apos;amd64&apos;, os.version: &apos;10.0&apos;, java.version: &apos;23.0.1&apos;&#10;Driver info: org.openqa.selenium.chrome.ChromeDriver&#10;Command: [acf089549fe8c282d1d8632243306c43, findElement {value=//button[@id=&apos;promptBox&apos;], using=xpath}]&#10;Capabilities {acceptInsecureCerts: false, browserName: chrome, browserVersion: 135.0.7049.96, chrome: {chromedriverVersion: 135.0.7049.42 (0f351bbd2617..., userDataDir: C:\Users\Dell\AppData\Local...}, fedcm:accounts: true, goog:chromeOptions: {debuggerAddress: localhost:63270}, networkConnectionEnabled: false, pageLoadStrategy: normal, platformName: windows, proxy: Proxy(), se:cdp: ws://localhost:63270/devtoo..., se:cdpVersion: 135.0.7049.96, setWindowRect: true, strictFileInteractability: false, timeouts: {implicit: 0, pageLoad: 300000, script: 30000}, unhandledPromptBehavior: dismiss and notify, webauthn:extension:credBlob: true, webauthn:extension:largeBlob: true, webauthn:extension:minPinLength: true, webauthn:extension:prf: true, webauthn:virtualAuthenticators: true}&#10;Session ID: acf089549fe8c282d1d8632243306c43" type="org.openqa.selenium.NoSuchElementException"><![CDATA[org.openqa.selenium.NoSuchElementException: 
no such element: Unable to locate element: {"method":"xpath","selector":"//button[@id='promptBox']"}
  (Session info: chrome=135.0.7049.96)
For documentation on this error, please visit: https://www.selenium.dev/documentation/webdriver/troubleshooting/errors#no-such-element-exception
Build info: version: '4.28.1', revision: '73f5ad48a2'
System info: os.name: 'Windows 11', os.arch: 'amd64', os.version: '10.0', java.version: '23.0.1'
Driver info: org.openqa.selenium.chrome.ChromeDriver
Command: [acf089549fe8c282d1d8632243306c43, findElement {value=//button[@id='promptBox'], using=xpath}]
Capabilities {acceptInsecureCerts: false, browserName: chrome, browserVersion: 135.0.7049.96, chrome: {chromedriverVersion: 135.0.7049.42 (0f351bbd2617..., userDataDir: C:\Users\Dell\AppData\Local...}, fedcm:accounts: true, goog:chromeOptions: {debuggerAddress: localhost:63270}, networkConnectionEnabled: false, pageLoadStrategy: normal, platformName: windows, proxy: Proxy(), se:cdp: ws://localhost:63270/devtoo..., se:cdpVersion: 135.0.7049.96, setWindowRect: true, strictFileInteractability: false, timeouts: {implicit: 0, pageLoad: 300000, script: 30000}, unhandledPromptBehavior: dismiss and notify, webauthn:extension:credBlob: true, webauthn:extension:largeBlob: true, webauthn:extension:minPinLength: true, webauthn:extension:prf: true, webauthn:virtualAuthenticators: true}
Session ID: acf089549fe8c282d1d8632243306c43
	at java.base/jdk.internal.reflect.DirectConstructorHandleAccessor.newInstance(DirectConstructorHandleAccessor.java:62)
	at java.base/java.lang.reflect.Constructor.newInstanceWithCaller(Constructor.java:501)
	at java.base/java.lang.reflect.Constructor.newInstance(Constructor.java:485)
	at org.openqa.selenium.remote.ErrorCodec.decode(ErrorCodec.java:167)
	at org.openqa.selenium.remote.codec.w3c.W3CHttpResponseCodec.decode(W3CHttpResponseCodec.java:138)
	at org.openqa.selenium.remote.codec.w3c.W3CHttpResponseCodec.decode(W3CHttpResponseCodec.java:50)
	at org.openqa.selenium.remote.HttpCommandExecutor.execute(HttpCommandExecutor.java:215)
	at org.openqa.selenium.remote.service.DriverCommandExecutor.invokeExecute(DriverCommandExecutor.java:216)
	at org.openqa.selenium.remote.service.DriverCommandExecutor.execute(DriverCommandExecutor.java:174)
	at org.openqa.selenium.remote.RemoteWebDriver.execute(RemoteWebDriver.java:545)
	at org.openqa.selenium.remote.ElementLocation$ElementFinder$2.findElement(ElementLocation.java:165)
	at org.openqa.selenium.remote.ElementLocation.findElement(ElementLocation.java:59)
	at org.openqa.selenium.remote.RemoteWebDriver.findElement(RemoteWebDriver.java:368)
	at org.openqa.selenium.remote.RemoteWebDriver.findElement(RemoteWebDriver.java:362)
	at TestCases.com_testcase_verifyAlert.enterMessageInalert(com_testcase_verifyAlert.java:42)
	at java.base/jdk.internal.reflect.DirectMethodHandleAccessor.invoke(DirectMethodHandleAccessor.java:103)
	at java.base/java.lang.reflect.Method.invoke(Method.java:580)
	at org.testng.internal.invokers.MethodInvocationHelper.invokeMethod(MethodInvocationHelper.java:141)
	at org.testng.internal.invokers.TestInvoker.invokeMethod(TestInvoker.java:687)
	at org.testng.internal.invokers.TestInvoker.invokeTestMethod(TestInvoker.java:230)
	at org.testng.internal.invokers.MethodRunner.runInSequence(MethodRunner.java:63)
	at org.testng.internal.invokers.TestInvoker$MethodInvocationAgent.invoke(TestInvoker.java:995)
	at org.testng.internal.invokers.TestInvoker.invokeTestMethods(TestInvoker.java:203)
	at org.testng.internal.invokers.TestMethodWorker.invokeTestMethods(TestMethodWorker.java:154)
	at org.testng.internal.invokers.TestMethodWorker.run(TestMethodWorker.java:134)
	at java.base/java.util.ArrayList.forEach(ArrayList.java:1597)
	at org.testng.TestRunner.privateRun(TestRunner.java:741)
	at org.testng.TestRunner.run(TestRunner.java:616)
	at org.testng.SuiteRunner.runTest(SuiteRunner.java:421)
	at org.testng.SuiteRunner.runSequentially(SuiteRunner.java:413)
	at org.testng.SuiteRunner.privateRun(SuiteRunner.java:373)
	at org.testng.SuiteRunner.run(SuiteRunner.java:312)
	at org.testng.SuiteRunnerWorker.runSuite(SuiteRunnerWorker.java:52)
	at org.testng.SuiteRunnerWorker.run(SuiteRunnerWorker.java:95)
	at org.testng.TestNG.runSuitesSequentially(TestNG.java:1274)
	at org.testng.TestNG.runSuitesLocally(TestNG.java:1208)
	at org.testng.TestNG.runSuites(TestNG.java:1112)
	at org.testng.TestNG.run(TestNG.java:1079)
	at org.apache.maven.surefire.testng.TestNGExecutor.run(TestNGExecutor.java:308)
	at org.apache.maven.surefire.testng.TestNGXmlTestSuite.execute(TestNGXmlTestSuite.java:71)
	at org.apache.maven.surefire.testng.TestNGProvider.invoke(TestNGProvider.java:113)
	at org.apache.maven.surefire.booter.ForkedBooter.runSuitesInProcess(ForkedBooter.java:385)
	at org.apache.maven.surefire.booter.ForkedBooter.execute(ForkedBooter.java:162)
	at org.apache.maven.surefire.booter.ForkedBooter.run(ForkedBooter.java:507)
	at org.apache.maven.surefire.booter.ForkedBooter.main(ForkedBooter.java:495)
]]></failure>
  </testcase>
  <testcase name="handleConfirmBox" classname="TestCases.com_testcase_verifyAlert" time="0.015">
    <failure message="no such element: Unable to locate element: {&quot;method&quot;:&quot;xpath&quot;,&quot;selector&quot;:&quot;//button[@id=&apos;confirmBox&apos;]&quot;}&#10;  (Session info: chrome=135.0.7049.96)&#10;For documentation on this error, please visit: https://www.selenium.dev/documentation/webdriver/troubleshooting/errors#no-such-element-exception&#10;Build info: version: &apos;4.28.1&apos;, revision: &apos;73f5ad48a2&apos;&#10;System info: os.name: &apos;Windows 11&apos;, os.arch: &apos;amd64&apos;, os.version: &apos;10.0&apos;, java.version: &apos;23.0.1&apos;&#10;Driver info: org.openqa.selenium.chrome.ChromeDriver&#10;Command: [acf089549fe8c282d1d8632243306c43, findElement {value=//button[@id=&apos;confirmBox&apos;], using=xpath}]&#10;Capabilities {acceptInsecureCerts: false, browserName: chrome, browserVersion: 135.0.7049.96, chrome: {chromedriverVersion: 135.0.7049.42 (0f351bbd2617..., userDataDir: C:\Users\Dell\AppData\Local...}, fedcm:accounts: true, goog:chromeOptions: {debuggerAddress: localhost:63270}, networkConnectionEnabled: false, pageLoadStrategy: normal, platformName: windows, proxy: Proxy(), se:cdp: ws://localhost:63270/devtoo..., se:cdpVersion: 135.0.7049.96, setWindowRect: true, strictFileInteractability: false, timeouts: {implicit: 0, pageLoad: 300000, script: 30000}, unhandledPromptBehavior: dismiss and notify, webauthn:extension:credBlob: true, webauthn:extension:largeBlob: true, webauthn:extension:minPinLength: true, webauthn:extension:prf: true, webauthn:virtualAuthenticators: true}&#10;Session ID: acf089549fe8c282d1d8632243306c43" type="org.openqa.selenium.NoSuchElementException"><![CDATA[org.openqa.selenium.NoSuchElementException: 
no such element: Unable to locate element: {"method":"xpath","selector":"//button[@id='confirmBox']"}
  (Session info: chrome=135.0.7049.96)
For documentation on this error, please visit: https://www.selenium.dev/documentation/webdriver/troubleshooting/errors#no-such-element-exception
Build info: version: '4.28.1', revision: '73f5ad48a2'
System info: os.name: 'Windows 11', os.arch: 'amd64', os.version: '10.0', java.version: '23.0.1'
Driver info: org.openqa.selenium.chrome.ChromeDriver
Command: [acf089549fe8c282d1d8632243306c43, findElement {value=//button[@id='confirmBox'], using=xpath}]
Capabilities {acceptInsecureCerts: false, browserName: chrome, browserVersion: 135.0.7049.96, chrome: {chromedriverVersion: 135.0.7049.42 (0f351bbd2617..., userDataDir: C:\Users\Dell\AppData\Local...}, fedcm:accounts: true, goog:chromeOptions: {debuggerAddress: localhost:63270}, networkConnectionEnabled: false, pageLoadStrategy: normal, platformName: windows, proxy: Proxy(), se:cdp: ws://localhost:63270/devtoo..., se:cdpVersion: 135.0.7049.96, setWindowRect: true, strictFileInteractability: false, timeouts: {implicit: 0, pageLoad: 300000, script: 30000}, unhandledPromptBehavior: dismiss and notify, webauthn:extension:credBlob: true, webauthn:extension:largeBlob: true, webauthn:extension:minPinLength: true, webauthn:extension:prf: true, webauthn:virtualAuthenticators: true}
Session ID: acf089549fe8c282d1d8632243306c43
	at java.base/jdk.internal.reflect.DirectConstructorHandleAccessor.newInstance(DirectConstructorHandleAccessor.java:62)
	at java.base/java.lang.reflect.Constructor.newInstanceWithCaller(Constructor.java:501)
[...]
Driver info: org.openqa.selenium.chrome.ChromeDriver
Command: [acf089549fe8c282d1d8632243306c43, findElement {value=//a[text()='Main Item 2'], using=xpath}]
Capabilities {acceptInsecureCerts: false, browserName: chrome, browserVersion: 135.0.7049.96, chrome: {chromedriverVersion: 135.0.7049.42 (0f351bbd2617..., userDataDir: C:\Users\Dell\AppData\Local...}, fedcm:accounts: true, goog:chromeOptions: {debuggerAddress: localhost:63270}, networkConnectionEnabled: false, pageLoadStrategy: normal, platformName: windows, proxy: Proxy(), se:cdp: ws://localhost:63270/devtoo..., se:cdpVersion: 135.0.7049.96, setWindowRect: true, strictFileInteractability: false, timeouts: {implicit: 0, pageLoad: 300000, script: 30000}, unhandledPromptBehavior: dismiss and notify, webauthn:extension:credBlob: true, webauthn:extension:largeBlob: true, webauthn:extension:minPinLength: true, webauthn:extension:prf: true, webauthn:virtualAuthenticators: true}
Session ID: acf089549fe8c282d1d8632243306c43
	at java.base/jdk.internal.reflect.DirectConstructorHandleAccessor.newInstance(DirectConstructorHandleAccessor.java:62)
	at java.base/java.lang.reflect.Constructor.newInstanceWithCaller(Constructor.java:501)
	at java.base/java.lang.reflect.Constructor.newInstance(Constructor.java:485)
	at org.openqa.selenium.remote.ErrorCodec.decode(ErrorCodec.java:167)
	at org.openqa.selenium.remote.codec.w3c.W3CHttpResponseCodec.decode(W3CHttpResponseCodec.java:138)
	at org.openqa.selenium.remote.codec.w3c.W3CHttpResponseCodec.decode(W3CHttpResponseCodec.java:50)
	at org.openqa.selenium.remote.HttpCommandExecutor.execute(HttpCommandExecutor.java:215)
	at org.openqa.selenium.remote.service.DriverCommandExecutor.invokeExecute(DriverCommandExecutor.java:216)
	at org.openqa.selenium.remote.service.DriverCommandExecutor.execute(DriverCommandExecutor.java:174)
	at org.openqa.selenium.remote.RemoteWebDriver.execute(RemoteWebDriver.java:545)
	at org.openqa.selenium.remote.ElementLocation$ElementFinder$2.findElement(ElementLocation.java:165)
	at org.openqa.selenium.remote.ElementLocation.findElement(ElementLocation.java:59)
	at org.openqa.selenium.remote.RemoteWebDriver.findElement(RemoteWebDriver.java:368)
	at org.openqa.selenium.remote.RemoteWebDriver.findElement(RemoteWebDriver.java:362)
	at TestCases.com_testcase_mousehover.enterContactInformation(com_testcase_mousehover.java:44)
	at java.base/jdk.internal.reflect.DirectMethodHandleAccessor.invoke(DirectMethodHandleAccessor.java:103)
	at java.base/java.lang.reflect.Method.invoke(Method.java:580)
	at org.testng.internal.invokers.MethodInvocationHelper.invokeMethod(MethodInvocationHelper.java:141)
	at org.testng.internal.invokers.TestInvoker.invokeMethod(TestInvoker.java:687)
	at org.testng.internal.invokers.TestInvoker.invokeTestMethod(TestInvoker.java:230)
	at org.testng.internal.invokers.MethodRunner.runInSequence(MethodRunner.java:63)
	at org.testng.internal.invokers.TestInvoker$MethodInvocationAgent.invoke(TestInvoker.java:995)
	at org.testng.internal.invokers.TestInvoker.invokeTestMethods(TestInvoker.java:203)
	at org.testng.internal.invokers.TestMethodWorker.invokeTestMethods(TestMethodWorker.java:154)
	at org.testng.internal.invokers.TestMethodWorker.run(TestMethodWorker.java:134)
	at java.base/java.util.ArrayList.forEach(ArrayList.java:1597)
	at org.testng.TestRunner.privateRun(TestRunner.java:741)
	at org.testng.TestRunner.run(TestRunner.java:616)
	at org.testng.SuiteRunner.runTest(SuiteRunner.java:421)
	at org.testng.SuiteRunner.runSequentially(SuiteRunner.java:413)
	at org.testng.SuiteRunner.privateRun(SuiteRunner.java:373)
	at org.testng.SuiteRunner.run(SuiteRunner.java:312)
	at org.testng.SuiteRunnerWorker.runSuite(SuiteRunnerWorker.java:52)
	at org.testng.SuiteRunnerWorker.run(SuiteRunnerWorker.java:95)
	at org.testng.TestNG.runSuitesSequentially(TestNG.java:1274)
	at org.testng.TestNG.runSuitesLocally(TestNG.java:1208)
	at org.testng.TestNG.runSuites(TestNG.java:1112)
	at org.testng.TestNG.run(TestNG.java:1079)
	at org.apache.maven.surefire.testng.TestNGExecutor.run(TestNGExecutor.java:308)
	at org.apache.maven.surefire.testng.TestNGXmlTestSuite.execute(TestNGXmlTestSuite.java:71)
	at org.apache.maven.surefire.testng.TestNGProvider.invoke(TestNGProvider.java:113)
	at org.apache.maven.surefire.booter.ForkedBooter.runSuitesInProcess(ForkedBooter.java:385)
	at org.apache.maven.surefire.booter.ForkedBooter.execute(ForkedBooter.java:162)
	at org.apache.maven.surefire.booter.ForkedBooter.run(ForkedBooter.java:507)
	at org.apache.maven.surefire.booter.ForkedBooter.main(ForkedBooter.java:495)
]]></failure>
    <system-out><![CDATA[2025-04-20 10:17:31 INFO  com_testcase_mousehover:43 - excution started
]]></system-out>
  </testcase>
  <testcase name="enterContactInformation" classname="API_TestCases.com_API_testcase_createUser" time="3.23">
    <system-out><![CDATA[2025-04-20 10:17:35 INFO  com_testcase_calender:31 - My status code for post req is 200
2025-04-20 10:17:35 INFO  com_testcase_calender:32 - My status body for post req is {
    "id": "ff808181932badb601965185ed0f27f7",
    "name": "Apple MacBook Pro 16",
    "createdAt": "2025-04-20T04:47:33.647+00:00",
    "data": {
        "year": 2019,
        "price": 1849.99,
        "CPU model": "Intel Core i9",
        "Hard disk size": "1 TB"
    }
}
]]></system-out>
  </testcase>
  <testcase name="enterContactInformation" classname="TestCases.com_testcase_wait" time="5.371"/>
  <testcase name="closeBrowser" classname="TestCases.com_testcase_wait" time="0.0">
    <skipped/>
  </testcase>
  <testcase name="enterContactInformation" classname="TestCases.com_testcase_staleelementException" time="0.018">
    <system-out><![CDATA[128
]]></system-out>
  </testcase>
  <testcase name="closeBrowser" classname="TestCases.com_testcase_staleelementException" time="0.0">
    <skipped/>
  </testcase>
  <testcase name="navigateToNewWindow" classname="TestCases.com_testcase_switchgToWindow" time="10.049">
    <failure message="no such element: Unable to locate element: {&quot;method&quot;:&quot;xpath&quot;,&quot;selector&quot;:&quot;//button[@id=&apos;newWindowsBtn&apos;]&quot;}&#10;  (Session info: chrome=135.0.7049.96)&#10;For documentation on this error, please visit: https://www.selenium.dev/documentation/webdriver/troubleshooting/errors#no-such-element-exception&#10;Build info: version: &apos;4.28.1&apos;, revision: &apos;73f5ad48a2&apos;&#10;System info: os.name: &apos;Windows 11&apos;, os.arch: &apos;amd64&apos;, os.version: &apos;10.0&apos;, java.version: &apos;23.0.1&apos;&#10;Driver info: org.openqa.selenium.chrome.ChromeDriver&#10;Command: [acf089549fe8c282d1d8632243306c43, findElement {value=//button[@id=&apos;newWindowsBtn&apos;], using=xpath}]&#10;Capabilities {acceptInsecureCerts: false, browserName: chrome, browserVersion: 135.0.7049.96, chrome: {chromedriverVersion: 135.0.7049.42 (0f351bbd2617..., userDataDir: C:\Users\Dell\AppData\Local...}, fedcm:accounts: true, goog:chromeOptions: {debuggerAddress: localhost:63270}, networkConnectionEnabled: false, pageLoadStrategy: normal, platformName: windows, proxy: Proxy(), se:cdp: ws://localhost:63270/devtoo..., se:cdpVersion: 135.0.7049.96, setWindowRect: true, strictFileInteractability: false, timeouts: {implicit: 0, pageLoad: 300000, script: 30000}, unhandledPromptBehavior: dismiss and notify, webauthn:extension:credBlob: true, webauthn:extension:largeBlob: true, webauthn:extension:minPinLength: true, webauthn:extension:prf: true, webauthn:virtualAuthenticators: true}&#10;Session ID: acf089549fe8c282d1d8632243306c43" type="org.openqa.selenium.NoSuchElementException"><![CDATA[org.openqa.selenium.NoSuchElementException: 
no such element: Unable to locate element: {"method":"xpath","selector":"//button[@id='newWindowsBtn']"}
  (Session info: chrome=135.0.7049.96)
For documentation on this error, please visit: https://www.selenium.dev/documentation/webdriver/troubleshooting/errors#no-such-element-exception
Build info: version: '4.28.1', revision: '73f5ad48a2'
System info: os.name: 'Windows 11', os.arch: 'amd64', os.version: '10.0', java.version: '23.0.1'
Driver info: org.openqa.selenium.chrome.ChromeDriver
Command: [acf089549fe8c282d1d8632243306c43, findElement {value=//button[@id='newWindowsBtn'], using=xpath}]
Capabilities {acceptInsecureCerts: false, browserName: chrome, browserVersion: 135.0.7049.96, chrome: {chromedriverVersion: 135.0.7049.42 (0f351bbd2617..., userDataDir: C:\Users\Dell\AppData\Local...}, fedcm:accounts: true, goog:chromeOptions: {debuggerAddress: localhost:63270}, networkConnectionEnabled: false, pageLoadStrategy: normal, platformName: windows, proxy: Proxy(), se:cdp: ws://localhost:63270/devtoo..., se:cdpVersion: 135.0.7049.96, setWindowRect: true, strictFileInteractability: false, timeouts: {implicit: 0, pageLoad: 300000, script: 30000}, unhandledPromptBehavior: dismiss and notify, webauthn:extension:credBlob: true, webauthn:extension:largeBlob: true, webauthn:extension:minPinLength: true, webauthn:extension:prf: true, webauthn:virtualAuthenticators: true}
Session ID: acf089549fe8c282d1d8632243306c43
	at java.base/jdk.internal.reflect.DirectConstructorHandleAccessor.newInstance(DirectConstructorHandleAccessor.java:62)
	at java.base/java.lang.reflect.Constructor.newInstanceWithCaller(Constructor.java:501)
	at java.base/java.lang.reflect.Constructor.newInstance(Constructor.java:485)
	at org.openqa.selenium.remote.ErrorCodec.decode(ErrorCodec.java:167)
	at org.openqa.selenium.remote.codec.w3c.W3CHttpResponseCodec.decode(W3CHttpResponseCodec.java:138)
	at org.openqa.selenium.remote.codec.w3c.W3CHttpResponseCodec.decode(W3CHttpResponseCodec.java:50)
	at org.openqa.selenium.remote.HttpCommandExecutor.execute(HttpCommandExecutor.java:215)
	at org.openqa.selenium.remote.service.DriverCommandExecutor.invokeExecute(DriverCommandExecutor.java:216)
	at org.openqa.selenium.remote.service.DriverCommandExecutor.execute(DriverCommandExecutor.java:174)
	at org.openqa.selenium.remote.RemoteWebDriver.execute(RemoteWebDriver.java:545)
	at org.openqa.selenium.remote.ElementLocation$ElementFinder$2.findElement(ElementLocation.java:165)
	at org.openqa.selenium.remote.ElementLocation.findElement(ElementLocation.java:59)
	at org.openqa.selenium.remote.RemoteWebDriver.findElement(RemoteWebDriver.java:368)
	at org.openqa.selenium.remote.RemoteWebDriver.findElement(RemoteWebDriver.java:362)
	at TestCases.com_testcase_switchgToWindow.navigateToNewWindow(com_testcase_switchgToWindow.java:47)
	at java.base/jdk.internal.reflect.DirectMethodHandleAccessor.invoke(DirectMethodHandleAccessor.java:103)
	at java.base/java.lang.reflect.Method.invoke(Method.java:580)
	at org.testng.internal.invokers.MethodInvocationHelper.invokeMethod(MethodInvocationHelper.java:141)
	at org.testng.internal.invokers.TestInvoker.invokeMethod(TestInvoker.java:687)
	at org.testng.internal.invokers.TestInvoker.invokeTestMethod(TestInvoker.java:230)
	at org.testng.internal.invokers.MethodRunner.runInSequence(MethodRunner.java:63)
	at org.testng.internal.invokers.TestInvoker$MethodInvocationAgent.invoke(TestInvoker.java:995)
	at org.testng.internal.invokers.TestInvoker.invokeTestMethods(TestInvoker.java:203)
	at org.testng.internal.invokers.TestMethodWorker.invokeTestMethods(TestMethodWorker.java:154)
	at org.testng.internal.invokers.TestMethodWorker.run(TestMethodWorker.java:134)
	at java.base/java.util.ArrayList.forEach(ArrayList.java:1597)
	at org.testng.TestRunner.privateRun(TestRunner.java:741)
	at org.testng.TestRunner.run(TestRunner.java:616)
	at org.testng.SuiteRunner.runTest(SuiteRunner.java:421)
	at org.testng.SuiteRunner.runSequentially(SuiteRunner.java:413)
	at org.testng.SuiteRunner.privateRun(SuiteRunner.java:373)
	at org.testng.SuiteRunner.run(SuiteRunner.java:312)
	at org.testng.SuiteRunnerWorker.runSuite(SuiteRunnerWorker.java:52)
	at org.testng.SuiteRunnerWorker.run(SuiteRunnerWorker.java:95)
	at org.testng.TestNG.runSuitesSequentially(TestNG.java:1274)
	at org.testng.TestNG.runSuitesLocally(TestNG.java:1208)
	at org.testng.TestNG.runSuites(TestNG.java:1112)
	at org.testng.TestNG.run(TestNG.java:1079)
	at org.apache.maven.surefire.testng.TestNGExecutor.run(TestNGExecutor.java:308)
	at org.apache.maven.surefire.testng.TestNGXmlTestSuite.execute(TestNGXmlTestSuite.java:71)
	at org.apache.maven.surefire.testng.TestNGProvider.invoke(TestNGProvider.java:113)
	at org.apache.maven.surefire.booter.ForkedBooter.runSuitesInProcess(ForkedBooter.java:385)
	at org.apache.maven.surefire.booter.ForkedBooter.execute(ForkedBooter.java:162)
	at org.apache.maven.surefire.booter.ForkedBooter.run(ForkedBooter.java:507)
	at org.apache.maven.surefire.booter.ForkedBooter.main(ForkedBooter.java:495)
]]></failure>
  </testcase>
  <testcase name="closeBrowser" classname="TestCases.com_testcase_switchgToWindow" time="0.0">
    <skipped/>
  </testcase>
  <testcase name="enterContactInformation" classname="TestCases.com_testcase_calender" time="10.09">
    <failure message="no such element: Unable to locate element: {&quot;method&quot;:&quot;xpath&quot;,&quot;selector&quot;:&quot;//input[@id=&apos;onward_cal&apos;]&quot;}&#10;  (Session info: chrome=135.0.7049.96)&#10;For documentation on this error, please visit: https://www.selenium.dev/documentation/webdriver/troubleshooting/errors#no-such-element-exception&#10;Build info: version: &apos;4.28.1&apos;, revision: &apos;73f5ad48a2&apos;&#10;System info: os.name: &apos;Windows 11&apos;, os.arch: &apos;amd64&apos;, os.version: &apos;10.0&apos;, java.version: &apos;23.0.1&apos;&#10;Driver info: org.openqa.selenium.chrome.ChromeDriver&#10;Command: [acf089549fe8c282d1d8632243306c43, findElement {value=//input[@id=&apos;onward_cal&apos;], using=xpath}]&#10;Capabilities {acceptInsecureCerts: false, browserName: chrome, browserVersion: 135.0.7049.96, chrome: {chromedriverVersion: 135.0.7049.42 (0f351bbd2617..., userDataDir: C:\Users\Dell\AppData\Local...}, fedcm:accounts: true, goog:chromeOptions: {debuggerAddress: localhost:63270}, networkConnectionEnabled: false, pageLoadStrategy: normal, platformName: windows, proxy: Proxy(), se:cdp: ws://localhost:63270/devtoo..., se:cdpVersion: 135.0.7049.96, setWindowRect: true, strictFileInteractability: false, timeouts: {implicit: 0, pageLoad: 300000, script: 30000}, unhandledPromptBehavior: dismiss and notify, webauthn:extension:credBlob: true, webauthn:extension:largeBlob: true, webauthn:extension:minPinLength: true, webauthn:extension:prf: true, webauthn:virtualAuthenticators: true}&#10;Session ID: acf089549fe8c282d1d8632243306c43" type="org.openqa.selenium.NoSuchElementException"><![CDATA[org.openqa.selenium.NoSuchElementException: 
no such element: Unable to locate element: {"method":"xpath","selector":"//input[@id='onward_cal']"}
  (Session info: chrome=135.0.7049.96)
For documentation on this error, please visit: https://www.selenium.dev/documentation/webdriver/troubleshooting/errors#no-such-element-exception
Build info: version: '4.28.1', revision: '73f5ad48a2'
System info: os.name: 'Windows 11', os.arch: 'amd64', os.version: '10.0', java.version: '23.0.1'
Driver info: org.openqa.selenium.chrome.ChromeDriver
Command: [acf089549fe8c282d1d8632243306c43, findElement {value=//input[@id='onward_cal'], using=xpath}]
Capabilities {acceptInsecureCerts: false, browserName: chrome, browserVersion: 135.0.7049.96, chrome: {chromedriverVersion: 135.0.7049.42 (0f351bbd2617..., userDataDir: C:\Users\Dell\AppData\Local...}, fedcm:accounts: true, goog:chromeOptions: {debuggerAddress: localhost:63270}, networkConnectionEnabled: false, pageLoadStrategy: normal, platformName: windows, proxy: Proxy(), se:cdp: ws://localhost:63270/devtoo..., se:cdpVersion: 135.0.7049.96, setWindowRect: true, strictFileInteractability: false, timeouts: {implicit: 0, pageLoad: 300000, script: 30000}, unhandledPromptBehavior: dismiss and notify, webauthn:extension:credBlob: true, webauthn:extension:largeBlob: true, webauthn:extension:minPinLength: true, webauthn:extension:prf: true, webauthn:virtualAuthenticators: true}
Session ID: acf089549fe8c282d1d8632243306c43
	at java.base/jdk.internal.reflect.DirectConstructorHandleAccessor.newInstance(DirectConstructorHandleAccessor.java:62)
	at java.base/java.lang.reflect.Constructor.newInstanceWithCaller(Constructor.java:501)
	at java.base/java.lang.reflect.Constructor.newInstance(Constructor.java:485)
	at org.openqa.selenium.remote.ErrorCodec.decode(ErrorCodec.java:167)
	at org.openqa.selenium.remote.codec.w3c.W3CHttpResponseCodec.decode(W3CHttpResponseCodec.java:138)
	at org.openqa.selenium.remote.codec.w3c.W3CHttpResponseCodec.decode(W3CHttpResponseCodec.java:50)
	at org.openqa.selenium.remote.HttpCommandExecutor.execute(HttpCommandExecutor.java:215)
	at org.openqa.selenium.remote.service.DriverCommandExecutor.invokeExecute(DriverCommandExecutor.java:216)
	at org.openqa.selenium.remote.service.DriverCommandExecutor.execute(DriverCommandExecutor.java:174)
	at org.openqa.selenium.remote.RemoteWebDriver.execute(RemoteWebDriver.java:545)
	at org.openqa.selenium.remote.ElementLocation$ElementFinder$2.findElement(ElementLocation.java:165)
	at org.openqa.selenium.remote.ElementLocation.findElement(ElementLocation.java:59)
	at org.openqa.selenium.remote.RemoteWebDriver.findElement(RemoteWebDriver.java:368)
	at org.openqa.selenium.remote.RemoteWebDriver.findElement(RemoteWebDriver.java:362)
	at TestCases.com_testcase_calender.enterContactInformation(com_testcase_calender.java:56)
	at java.base/jdk.internal.reflect.DirectMethodHandleAccessor.invoke(DirectMethodHandleAccessor.java:103)
	at java.base/java.lang.reflect.Method.invoke(Method.java:580)
	at org.testng.internal.invokers.MethodInvocationHelper.invokeMethod(MethodInvocationHelper.java:141)
	at org.testng.internal.invokers.TestInvoker.invokeMethod(TestInvoker.java:687)
	at org.testng.internal.invokers.TestInvoker.invokeTestMethod(TestInvoker.java:230)
	at org.testng.internal.invokers.MethodRunner.runInSequence(MethodRunner.java:63)
	at org.testng.internal.invokers.TestInvoker$MethodInvocationAgent.invoke(TestInvoker.java:995)
	at org.testng.internal.invokers.TestInvoker.invokeTestMethods(TestInvoker.java:203)
	at org.testng.internal.invokers.TestMethodWorker.invokeTestMethods(TestMethodWorker.java:154)
	at org.testng.internal.invokers.TestMethodWorker.run(TestMethodWorker.java:134)
	at java.base/java.util.ArrayList.forEach(ArrayList.java:1597)
	at org.testng.TestRunner.privateRun(TestRunner.java:741)
	at org.testng.TestRunner.run(TestRunner.java:616)
	at org.testng.SuiteRunner.runTest(SuiteRunner.java:421)
	at org.testng.SuiteRunner.runSequentially(SuiteRunner.java:413)
	at org.testng.SuiteRunner.privateRun(SuiteRunner.java:373)
	at org.testng.SuiteRunner.run(SuiteRunner.java:312)
	at org.testng.SuiteRunnerWorker.runSuite(SuiteRunnerWorker.java:52)
	at org.testng.SuiteRunnerWorker.run(SuiteRunnerWorker.java:95)
	at org.testng.TestNG.runSuitesSequentially(TestNG.java:1274)
	at org.testng.TestNG.runSuitesLocally(TestNG.java:1208)
	at org.testng.TestNG.runSuites(TestNG.java:1112)
	at org.testng.TestNG.run(TestNG.java:1079)
	at org.apache.maven.surefire.testng.TestNGExecutor.run(TestNGExecutor.java:308)
	at org.apache.maven.surefire.testng.TestNGXmlTestSuite.execute(TestNGXmlTestSuite.java:71)
	at org.apache.maven.surefire.testng.TestNGProvider.invoke(TestNGProvider.java:113)
	at org.apache.maven.surefire.booter.ForkedBooter.runSuitesInProcess(ForkedBooter.java:385)
	at org.apache.maven.surefire.booter.ForkedBooter.execute(ForkedBooter.java:162)
	at org.apache.maven.surefire.booter.ForkedBooter.run(ForkedBooter.java:507)
	at org.apache.maven.surefire.booter.ForkedBooter.main(ForkedBooter.java:495)
]]></failure>
    <system-out><![CDATA[20-Apr-2025
]]></system-out>
  </testcase>
  <testcase name="enterContactInformation" classname="TestCases.com_testcase_pagination" time="10.101">
    <system-out><![CDATA[total size of the pages is0
]]></system-out>
  </testcase>
</testsuite>