<?xml version="1.0" encoding="UTF-8"?>
<testng-results ignored="0" total="1" passed="1" failed="0" skipped="0">
  <reporter-output>
  </reporter-output>
  <suite started-at="2025-02-16T22:18:02 IST" name="Default suite" finished-at="2025-02-16T22:18:18 IST" duration-ms="15494">
    <groups>
    </groups>
    <test started-at="2025-02-16T22:18:02 IST" name="Default test" finished-at="2025-02-16T22:18:18 IST" duration-ms="15494">
      <class name="TestCases.testCase1_CreateUser">
        <test-method signature="enterContactInformation()[pri:0, instance:TestCases.testCase1_CreateUser@6743e411]" started-at="2025-02-16T22:18:02 IST" name="enterContactInformation" finished-at="2025-02-16T22:18:18 IST" duration-ms="15299" status="PASS">
          <reporter-output>
          </reporter-output>
        </test-method> <!-- enterContactInformation -->
      </class> <!-- TestCases.testCase1_CreateUser -->
    </test> <!-- Default test -->
  </suite> <!-- Default suite -->
</testng-results>
